"../../../Engine/Content/Functions/Engine_MaterialFunctions02/Utility/BlendAngleCorrectedNormals.uasset" 0
"../../../Engine/Content/Functions/MaterialLayerFunctions/MatLayerBlend_AO.uasset" 1
"../../../Engine/Content/Functions/MaterialLayerFunctions/MatLayerBlend_NormalBlend.uasset" 2
"../../../Engine/Content/Functions/MaterialLayerFunctions/MatLayerBlend_Simple.uasset" 3
"../../../LineGoer/Content/AnimStarterPack/UE4_Mannequin/Materials/MaterialLayers/T_ML_Rubber_Blue_01_D.uasset" 4
"../../../LineGoer/Content/AnimStarterPack/UE4_Mannequin/Materials/MaterialLayers/T_ML_Rubber_Blue_01_N.uasset" 5
"../../../LineGoer/Content/AnimStarterPack/UE4_Mannequin/Materials/MaterialLayers/ML_GlossyBlack_Latex_UE4.uasset" 6
"../../../LineGoer/Content/AnimStarterPack/UE4_Mannequin/Materials/MaterialLayers/ML_Plastic_Shiny_Beige.uasset" 7
"../../../LineGoer/Content/AnimStarterPack/UE4_Mannequin/Textures/UE4_LOGO_CARD.uasset" 8
"../../../LineGoer/Content/AnimStarterPack/UE4_Mannequin/Materials/MaterialLayers/ML_Plastic_Shiny_Beige_LOGO.uasset" 9
"../../../LineGoer/Content/AnimStarterPack/UE4_Mannequin/Materials/MaterialLayers/T_ML_Aluminum01.uasset" 10
"../../../LineGoer/Content/AnimStarterPack/UE4_Mannequin/Materials/MaterialLayers/T_ML_Aluminum01_N.uasset" 11
"../../../LineGoer/Content/AnimStarterPack/UE4_Mannequin/Materials/MaterialLayers/ML_SoftMetal_UE4.uasset" 12
"../../../LineGoer/Content/AnimStarterPack/UE4_Mannequin/Textures/UE4_Mannequin__normals.uasset" 13
"../../../LineGoer/Content/AnimStarterPack/UE4_Mannequin/Textures/UE4_Mannequin_MAT_MASKA.uasset" 14
"../../../LineGoer/Content/AnimStarterPack/UE4_Mannequin/Textures/UE4_Mannequin_occlusion_Mobile.uasset" 15
"../../../LineGoer/Content/AnimStarterPack/UE4_Mannequin/Materials/M_UE4Man_Body.uasset" 16
"../../../LineGoer/Content/AnimStarterPack/UE4_Mannequin/Textures/UE4Man_Logo_N.uasset" 17
"../../../LineGoer/Content/AnimStarterPack/UE4_Mannequin/Materials/M_UE4Man_ChestLogo.uasset" 18
"../../../LineGoer/Content/AnimStarterPack/UE4_Mannequin/Mesh/SK_Mannequin_PhysicsAsset.uasset" 19
"../../../LineGoer/Content/AnimStarterPack/UE4_Mannequin/Mesh/SK_Mannequin.uasset" 20
"../../../LineGoer/Content/AnimStarterPack/UE4_Mannequin/Mesh/UE4_Mannequin_Skeleton.uasset" 21
"../../../LineGoer/Content/AnimStarterPack/Crouch_Idle_Rifle_Hip.uasset" 22
"../../../LineGoer/Content/AnimStarterPack/Idle_Rifle_Hip.uasset" 23
"../../../LineGoer/Content/AnimStarterPack/Jump_From_Jog.uasset" 24
"../../../LineGoer/Content/AnimStarterPack/Jump_From_Stand.uasset" 25
"../../../LineGoer/Content/AnimStarterPack/Prone_Idle.uasset" 26
"../../../LineGoer/Content/AnimStarterPack/Prone_To_Stand.uasset" 27
"../../../LineGoer/Content/AnimStarterPack/Sprint_Fwd_Rifle.uasset" 28
"../../../LineGoer/Content/AnimStarterPack/Stand_To_Prone.uasset" 29
"../../../LineGoer/Content/AnimStarterPack/Crouch_Walk_Bwd_Rifle_Ironsights.uasset" 30
"../../../LineGoer/Content/AnimStarterPack/Crouch_Walk_Fwd_Rifle_Ironsights.uasset" 31
"../../../LineGoer/Content/AnimStarterPack/Crouch_Walk_Lt_Rifle_Ironsights.uasset" 32
"../../../LineGoer/Content/AnimStarterPack/Crouch_Walk_Rt_Rifle_Ironsights.uasset" 33
"../../../LineGoer/Content/BlendSpace/BS_Crouch.uasset" 34
"../../../LineGoer/Content/AnimStarterPack/Jog_Bwd_Rifle.uasset" 35
"../../../LineGoer/Content/AnimStarterPack/Jog_Fwd_Rifle.uasset" 36
"../../../LineGoer/Content/AnimStarterPack/Jog_Lt_Rifle.uasset" 37
"../../../LineGoer/Content/AnimStarterPack/Jog_Rt_Rifle.uasset" 38
"../../../LineGoer/Content/BlendSpace/BS_Normal.uasset" 39
"../../../Engine/Content/EditorBlueprintResources/StandardMacros.uasset" 40
"../../../LineGoer/Content/Blueprints/BP_Character_01.uasset" 41
"../../../LineGoer/Content/Blueprints/BP_CharacterAnimation_01.uasset" 42
"../../../Engine/Content/EngineSky/C_Sky_Cloud_Color.uasset" 43
"../../../Engine/Content/EngineSky/C_Sky_Horizon_Color.uasset" 44
"../../../Engine/Content/EngineSky/C_Sky_Zenith_Color.uasset" 45
"../../../Engine/Content/EngineSky/T_Sky_Blue.uasset" 46
"../../../Engine/Content/EngineSky/T_Sky_Clouds_M.uasset" 47
"../../../Engine/Content/EngineSky/T_Sky_Stars.uasset" 48
"../../../Engine/Content/EngineSky/SM_SkySphere.uasset" 49
"../../../Engine/Content/EngineSky/M_Sky_Panning_Clouds2.uasset" 50
"../../../Engine/Content/EngineSky/BP_Sky_Sphere.uasset" 51
"../../../Engine/Content/Functions/Engine_MaterialFunctions01/Opacity/CameraDepthFade.uasset" 52
"../../../Engine/Content/EngineMaterials/T_Default_Material_Grid_M.uasset" 53
"../../../Engine/Content/EngineMaterials/T_Default_Material_Grid_N.uasset" 54
"../../../Engine/Content/EngineMaterials/WorldGridMaterial.uasset" 55
"../../../LineGoer/Content/StarterContent/Textures/T_MacroVariation.uasset" 56
"../../../LineGoer/Content/StarterContent/Textures/T_Metal_Copper_D.uasset" 57
"../../../LineGoer/Content/StarterContent/Textures/T_Metal_Gold_N.uasset" 58
"../../../LineGoer/Content/StarterContent/Materials/M_Metal_Copper.uasset" 59
"../../../LineGoer/Content/StarterContent/Materials/M_Basic_Floor.uasset" 60
"../../../LineGoer/Content/StarterContent/Architecture/Floor_400x400.uasset" 61
"../../../LineGoer/Content/StarterContent/Audio/Starter_Birds01.uasset" 62
"../../../LineGoer/Content/StarterContent/Audio/Starter_Wind05.uasset" 63
"../../../LineGoer/Content/StarterContent/Audio/Starter_Wind06.uasset" 64
"../../../LineGoer/Content/StarterContent/Audio/Starter_Background_Cue.uasset" 65
"../../../LineGoer/Content/StarterContent/Maps/Minimal_Default.umap" 66
"../../../LineGoer/Content/AnimStarterPack/Crouch_Idle_Rifle_Ironsights.uasset" 67
"../../../LineGoer/Content/AnimStarterPack/Equip_Pistol_Standing.uasset" 68
"../../../LineGoer/Content/AnimStarterPack/Fire_Rifle_Ironsights.uasset" 69
"../../../LineGoer/Content/AnimStarterPack/Hit_React_1.uasset" 70
"../../../LineGoer/Content/AnimStarterPack/Hit_React_2.uasset" 71
"../../../LineGoer/Content/AnimStarterPack/Hit_React_3.uasset" 72
"../../../LineGoer/Content/AnimStarterPack/Idle_Rifle_Hip_Break1.uasset" 73
"../../../LineGoer/Content/AnimStarterPack/Idle_Rifle_Hip_Break2.uasset" 74
"../../../LineGoer/Content/AnimStarterPack/Reload_Rifle_Hip.uasset" 75
"../../../LineGoer/Content/AnimStarterPack/Walk_Fwd_Rifle_Ironsights.uasset" 76
"../../../Engine/Content/TemplateResources/M_Template_Master.uasset" 77
"../../../Engine/Content/TemplateResources/MI_Template_BaseGray_03_Metal.uasset" 78
"../../../LineGoer/Content/AnimStarterPack/Showcase.umap" 79
"../../../Engine/Content/EngineMaterials/DefaultMaterial.uasset" 80
"../../../Engine/Content/EngineMaterials/DefaultDiffuse.uasset" 81
"../../../Engine/Content/EngineMaterials/DefaultNormal.uasset" 82
"../../../Engine/Content/Maps/Entry.umap" 83
"../../../Engine/Content/EngineFonts/Roboto.uasset" 84
"../../../Engine/Content/Functions/Engine_MaterialFunctions01/Shading/PowerToRoughness.uasset" 85
"../../../Engine/Content/EngineMaterials/DefaultDeferredDecalMaterial.uasset" 86
"../../../Engine/Content/EngineMaterials/DefaultLightFunctionMaterial.uasset" 87
"../../../Engine/Content/Functions/Engine_MaterialFunctions02/Utility/BreakOutFloat2Components.uasset" 88
"../../../Engine/Content/EngineMaterials/DefaultPostProcessMaterial.uasset" 89
"../../../Engine/Content/EngineResources/DefaultTexture.uasset" 90
"../../../Engine/Content/Functions/Engine_MaterialFunctions02/Texturing/ScreenAlignedUVs.uasset" 91
"../../../Engine/Content/EngineResources/WhiteSquareTexture.uasset" 92
"../../../Engine/Content/EngineMaterials/Widget3DPassThrough.uasset" 93
"../../../Engine/Content/EngineMaterials/Widget3DPassThrough_Translucent.uasset" 94
"../../../Engine/Content/EngineMaterials/Widget3DPassThrough_Translucent_OneSided.uasset" 95
"../../../Engine/Content/EngineMaterials/Widget3DPassThrough_Opaque.uasset" 96
"../../../Engine/Content/EngineMaterials/Widget3DPassThrough_Opaque_OneSided.uasset" 97
"../../../Engine/Content/EngineMaterials/Widget3DPassThrough_Masked.uasset" 98
"../../../Engine/Content/EngineMaterials/Widget3DPassThrough_Masked_OneSided.uasset" 99
"../../../Engine/Content/EditorResources/S_Actor.uasset" 100
"../../../Engine/Content/Maps/Templates/Thumbnails/Default.uasset" 101
"../../../Engine/Content/EditorMaterials/ParticleSystems/PSysThumbnail_NoImage.uasset" 102
"../../../Engine/Content/EditorMaterials/ParticleSystems/PSysThumbnail_OOD.uasset" 103
"../../../Engine/Content/EditorLandscapeResources/DataLayer.uasset" 104
"../../../Engine/Content/EngineDamageTypes/DmgTypeBP_Environmental.uasset" 105
"../../../Engine/Content/EngineMeshes/Sphere.uasset" 106
"../../../Engine/Content/EngineFonts/RobotoDistanceField.uasset" 107
"../../../Engine/Content/EngineMaterials/DefaultTextMaterialOpaque.uasset" 108
"../../../Engine/Content/EditorResources/S_Trigger.uasset" 109
"../../../Engine/Content/EngineResources/GradientTexture0.uasset" 110
"../../../Engine/Content/EngineResources/Black.uasset" 111
"../../../Engine/Content/EditorMaterials/MatineeGroups/MAT_Groups_Float.uasset" 112
"../../../Engine/Content/EditorMaterials/MatineeGroups/MAT_Groups_Director.uasset" 113
"../../../Engine/Content/EditorMaterials/MatineeGroups/MAT_Groups_Event.uasset" 114
"../../../Engine/Content/EditorMaterials/MatineeGroups/MAT_Groups_Anim.uasset" 115
"../../../Engine/Content/EditorMaterials/MatineeGroups/MAT_Groups_Fade.uasset" 116
"../../../Engine/Content/EditorMaterials/MatineeGroups/MAT_Groups_Move.uasset" 117
"../../../Engine/Content/EditorMaterials/MatineeGroups/MAT_Groups_Slomo.uasset" 118
"../../../Engine/Content/EditorMaterials/MatineeGroups/MAT_ColorTrack.uasset" 119
"../../../Engine/Content/EditorMaterials/MAT_Groups_Toggle.uasset" 120
"../../../Engine/Content/EditorMaterials/MatineeGroups/MAT_Groups_AudioMaster.uasset" 121
"../../../Engine/Content/EditorMaterials/MatineeGroups/MAT_Groups_Sound.uasset" 122
"../../../Engine/Content/EditorMaterials/MatineeGroups/MAT_Groups_Vector.uasset" 123
"../../../Engine/Content/EditorMaterials/MAT_Groups_Visibility.uasset" 124
"../../../Engine/Content/EngineResources/DefaultTextureCube.uasset" 125
"../../../Engine/Content/EngineMeshes/Cylinder.uasset" 126
"../../../Engine/Content/EngineTireTypes/DefaultTireType.uasset" 127
"../../../Engine/Content/EngineResources/AICON-Red.uasset" 128
"../../../Engine/Content/EngineResources/AICON-Green.uasset" 129
"../../../Engine/Content/Tutorial/Basics/LevelEditorAttract.uasset" 130
"../../../Engine/Content/Tutorial/Basics/TutorialAssets/icon_tab_Levels_40x.uasset" 131
"../../../Engine/Content/Tutorial/Basics/LevelEditorOverview.uasset" 132
"../../../Engine/Content/Tutorial/Basics/ContentBrowserOverview.uasset" 133
"../../../Engine/Content/Tutorial/Basics/TutorialAssets/CameraActor_64x.uasset" 134
"../../../Engine/Content/Tutorial/Basics/ViewportsTutorial.uasset" 135
"../../../Engine/Content/Tutorial/BlueprintTutorials/TutorialAssets/Blueprint_64x.uasset" 136
"../../../Engine/Content/Tutorial/BlueprintTutorials/BlueprintEditorTutorial.uasset" 137
"../../../Engine/Content/Tutorial/ContentIntroCurve.uasset" 138
"../../../Engine/Plugins/2D/Paper2D/Content/PlaceholderTextures/DummySpriteTexture.uasset" 139
"../../../Engine/Plugins/2D/Paper2D/Content/DummySpriteTexture.uasset" 140
"../../../Engine/Plugins/2D/Paper2D/Content/DefaultSpriteMaterial.uasset" 141
"../../../Engine/Plugins/2D/Paper2D/Content/MaskedUnlitSpriteMaterial.uasset" 142
"../../../Engine/Plugins/2D/Paper2D/Content/OpaqueUnlitSpriteMaterial.uasset" 143
"../../../Engine/Plugins/2D/Paper2D/Content/DummySprite.uasset" 144
"../../../Engine/Plugins/2D/Paper2D/Content/DefaultPaperTerrainMaterial.uasset" 145
"../../../Engine/Plugins/Runtime/LeapMotionController/Content/LM_CapsuleMesh.uasset" 146
"../../../Engine/Plugins/Runtime/LeapMotionController/Content/LM_TorusMesh.uasset" 147
"../../../Engine/Plugins/Runtime/LeapMotionController/Content/LM_HandColor.uasset" 148
"../../../Engine/Plugins/Runtime/LeapMotionController/Content/LM_SampleDistortion.uasset" 149
"../../../Engine/Plugins/Runtime/LeapMotionController/Content/LM_TestTexture.uasset" 150
"../../../Engine/Plugins/Runtime/LeapMotionController/Content/LM_PassthroughMaterial.uasset" 151
"../../../Engine/Content/BasicShapes/Cube.uasset" 152
"../../../Engine/Content/EngineMaterials/RemoveSurfaceMaterial.uasset" 153
"../../../Engine/Content/EngineDebugMaterials/DebugMeshMaterial.uasset" 154
"../../../Engine/Content/EngineMaterials/InvalidLightmapSettings.uasset" 155
"../../../Engine/Content/EngineMaterials/M_InvalidLightmapSettings.uasset" 156
"../../../Engine/Content/EditorMaterials/GizmoMaterial.uasset" 157
"../../../Engine/Content/EngineMaterials/Good64x64TilingNoiseHighFreq.uasset" 158
"../../../Engine/Content/EngineMaterials/DefaultBokeh.uasset" 159
"../../../Engine/Content/EngineMaterials/PreintegratedSkinBRDF.uasset" 160
"../../../Engine/Content/EngineMaterials/MiniFont.uasset" 161
"../../../Engine/Content/EngineMaterials/WeightMapPlaceholderTexture.uasset" 162
"../../../Engine/Content/EngineMaterials/DefaultPhysicalMaterial.uasset" 163
"../../../Engine/Content/EngineFonts/RobotoTiny.uasset" 164
"../../../Engine/Content/MobileResources/HUD/MobileHUDDirectionPad2.uasset" 165
"../../../Engine/Content/MobileResources/HUD/MobileHUDDirectionStick.uasset" 166
"../../../Engine/Content/MobileResources/HUD/MobileHUDButton2_on.uasset" 167
"../../../Engine/Content/MobileResources/HUD/T_Castle_ThumbstickOutter.uasset" 168
"../../../LineGoer/Content/AnimStarterPack/Stand_to_Crouch_Rifle_Hip.uasset" 169
"../../../LineGoer/Content/AnimStarterPack/Stand_to_Crouch_Rifle_Ironsights.uasset" 170
"../../../LineGoer/Content/AnimStarterPack/Walk_Bwd_Rifle_Ironsights.uasset" 171
"../../../LineGoer/Content/AnimStarterPack/Walk_Lt_Rifle_Ironsights.uasset" 172
"../../../LineGoer/Content/AnimStarterPack/Walk_Rt_Rifle_Ironsights.uasset" 173
"../../../LineGoer/Content/StarterContent/Materials/M_Glass.uasset" 174
"../../../LineGoer/Content/StarterContent/Materials/M_Metal_Brushed_Nickel.uasset" 175
"../../../Engine/Content/MobileResources/T_MobileMenu2.uasset" 176
"../../../Engine/Content/MobileResources/HUD/MobileHUDButtonFire.uasset" 177
"../../../Engine/Content/EditorResources/EmptyActor.uasset" 178
"../../../LineGoer/Content/AnimStarterPack/Aim_Space_Hip.uasset" 179
"../../../LineGoer/Content/AnimStarterPack/Aim_Space_Ironsights.uasset" 180
"../../../LineGoer/Content/AnimStarterPack/Crouch_to_Stand_Rifle_Hip.uasset" 181
"../../../LineGoer/Content/AnimStarterPack/Crouch_to_Stand_Rifle_Ironsights.uasset" 182
"../../../LineGoer/Content/AnimStarterPack/Death_1.uasset" 183
"../../../LineGoer/Content/AnimStarterPack/Death_2.uasset" 184
"../../../LineGoer/Content/AnimStarterPack/Death_3.uasset" 185
"../../../LineGoer/Content/AnimStarterPack/Death_Ironsights_1.uasset" 186
"../../../LineGoer/Content/AnimStarterPack/Death_Ironsights_2.uasset" 187
"../../../LineGoer/Content/AnimStarterPack/Equip_Rifle_Standing.uasset" 188
"../../../LineGoer/Content/AnimStarterPack/Fire_Rifle_Hip.uasset" 189
"../../../LineGoer/Content/AnimStarterPack/Fire_Shotgun_Hip.uasset" 190
"../../../LineGoer/Content/AnimStarterPack/Fire_Shotgun_Ironsights.uasset" 191
"../../../Engine/Content/EditorResources/AudioIcons/S_AudioComponent_AutoActivate.uasset" 192
"../../../Engine/Content/EditorMaterials/PhAT_JointLimitMaterial.uasset" 193
"../../../Engine/Content/EditorMaterials/PreviewShadowIndicator.uasset" 194
"../../../Engine/Content/EditorMaterials/PreviewShadowIndicatorMaterial.uasset" 195
"../../../Engine/Content/EditorResources/BSPVertex.uasset" 196
"../../../Engine/Content/EngineDebugMaterials/HeatmapGradient.uasset" 197
"../../../Engine/Content/EngineDebugMaterials/BoneWeightMaterial.uasset" 198
"../../../Engine/Content/EngineDebugMaterials/GeomMaterial.uasset" 199
"../../../Engine/Content/Functions/Engine_MaterialFunctions01/Shading/ConvertFromDiffSpec.uasset" 200
"../../../Engine/Content/EngineDebugMaterials/LevelColorationLitMaterial.uasset" 201
"../../../Engine/Content/EngineDebugMaterials/LevelColorationUnlitMaterial.uasset" 202
"../../../Engine/Content/EngineMaterials/DefaultWhiteGrid.uasset" 203
"../../../Engine/Content/EngineDebugMaterials/MAT_LevelColorationLitLightmapUV.uasset" 204
"../../../Engine/Content/EngineDebugMaterials/ShadedLevelColorationLitMaterial.uasset" 205
"../../../Engine/Content/EngineDebugMaterials/ShadedLevelColorationUnlitMateri.uasset" 206
"../../../Engine/Content/EngineDebugMaterials/VertexColorMaterial.uasset" 207
"../../../Engine/Content/EngineDebugMaterials/VertexColorViewMode_AlphaAsColor.uasset" 208
"../../../Engine/Content/EngineDebugMaterials/VertexColorViewMode_BlueOnly.uasset" 209
"../../../Engine/Content/EngineDebugMaterials/VertexColorViewMode_ColorOnly.uasset" 210
"../../../Engine/Content/EngineDebugMaterials/VertexColorViewMode_GreenOnly.uasset" 211
"../../../Engine/Content/EngineDebugMaterials/VertexColorViewMode_RedOnly.uasset" 212
"../../../Engine/Content/EngineDebugMaterials/WireframeMaterial.uasset" 213
"../../../Engine/Content/EngineMaterials/EditorBrushMaterial.uasset" 214
"../../../Engine/Content/MobileResources/T_MobileControls_texture.uasset" 215
"../../../Engine/Content/MobileResources/HUD/AnalogHat.uasset" 216
"../../../Engine/Content/MobileResources/HUD/VirtualJoystick_Background.uasset" 217
"../../../Engine/Content/MobileResources/HUD/VirtualJoystick_Thumb.uasset" 218
"../../../Engine/Content/MobileResources/HUD/DefaultVirtualJoysticks.uasset" 219
"../../../Engine/Content/MobileResources/HUD/LeftVirtualJoystickOnly.uasset" 220
"../../../Engine/Content/MobileResources/HUD/MobileHUDButton1_off.uasset" 221
"../../../Engine/Content/MobileResources/HUD/MobileHUDButton1_on.uasset" 222
"../../../Engine/Content/MobileResources/HUD/MobileHUDButton2_off.uasset" 223
"../../../Engine/Content/MobileResources/HUD/MobileHUDButton3.uasset" 224
"../../../Engine/Content/MobileResources/HUD/MobileHUDDirectionPad.uasset" 225
"../../../Engine/Content/MobileResources/HUD/MobileHUDDirectionPad3.uasset" 226
"../../../Engine/Content/MobileResources/HUD/T_Castle_ThumbstickInner.uasset" 227
"../../../Engine/Content/Tutorial/BlueprintTutorials/TutorialAssets/BlueprintInterface_64x.uasset" 228
"../../../Engine/Content/Tutorial/BlueprintTutorials/TutorialAssets/Tutorial_BP_Interface.uasset" 229
"../../../Engine/Content/Tutorial/BlueprintTutorials/BlueprintInterfacesEditorOverview.uasset" 230
"../../../Engine/Content/Tutorial/BlueprintTutorials/TutorialAssets/BlueprintMacroLibrary_64x.uasset" 231
"../../../Engine/Content/Tutorial/BlueprintTutorials/TutorialAssets/Tutorial_BP_MacroLib.uasset" 232
"../../../Engine/Content/Tutorial/BlueprintTutorials/BlueprintMacroLibrariesEditorOverview.uasset" 233
"../../../Engine/Content/Tutorial/BlueprintTutorials/LevelBlueprintEditorOverview.uasset" 234
"../../../Engine/Content/Tutorial/Foliage/TutorialAssets/Foliage.uasset" 235
"../../../Engine/Content/Tutorial/Foliage/Foliage_Settings_Tutorial.uasset" 236
"../../../Engine/Content/Tutorial/Foliage/Foliage_Using_The_Tool_Tutorial.uasset" 237
"../../../Engine/Content/Tutorial/Foliage/Foliage_Intro_Tutorial.uasset" 238
"../../../Engine/Content/Tutorial/Landscape/TutorialAssets/Landscape.uasset" 239
"../../../Engine/Content/Tutorial/Landscape/Landscape_Painting_Mode.uasset" 240
"../../../Engine/Content/Tutorial/Landscape/Landscape_Sculpt_Mode.uasset" 241
"../../../Engine/Content/Tutorial/Landscape/Landscape_Manage_Mode.uasset" 242
"../../../Engine/Content/Tutorial/Paper2D/TutorialAssets/Paper2DFlipbook_TutorialIcon.uasset" 243
"../../../Engine/Content/Tutorial/Paper2D/FlipbookEditorTutorial.uasset" 244
"../../../Engine/Content/Tutorial/Paper2D/TutorialAssets/Paper2DSprite_TutorialIcon.uasset" 245
"../../../Engine/Content/Tutorial/Paper2D/SpriteEditorTutorial.uasset" 246
"../../../Engine/Content/EditorMeshes/EditorCube.uasset" 247
"../../../Engine/Content/Tutorial/SubEditors/TutorialAssets/Tutorial_DM.uasset" 248
"../../../Engine/Content/Tutorial/SubEditors/DestructibleMeshEditorTutorial.uasset" 249
"../../../Engine/Content/Tutorial/SubEditors/TutorialAssets/TutorialMaterial.uasset" 250
"../../../Engine/Content/Tutorial/SubEditors/MaterialEditorTutorial.uasset" 251
"../../../Engine/Content/Tutorial/SubEditors/TutorialAssets/T_SmokeSubUV_8X8.uasset" 252
"../../../Engine/Content/Tutorial/SubEditors/TutorialAssets/T_soft_smoke.uasset" 253
"../../../Engine/Content/Tutorial/SubEditors/TutorialAssets/M_smoke_subUV_blackbody.uasset" 254
"../../../Engine/Content/Tutorial/SubEditors/TutorialAssets/TutorialParticleSystem.uasset" 255
"../../../Engine/Content/Tutorial/SubEditors/ParticleSystemEditorTutorial.uasset" 256
"../../../Engine/Content/Tutorial/SubEditors/TutorialAssets/icon_ShowSkeletalMeshes_40x.uasset" 257
"../../../Engine/Content/Tutorial/SubEditors/TutorialAssets/Character/TutorialTPP_Mat.uasset" 258
"../../../Engine/Content/Tutorial/SubEditors/TutorialAssets/Character/TutorialTPP_PhysicsAsset.uasset" 259
"../../../Engine/Content/Tutorial/SubEditors/TutorialAssets/Character/TutorialTPP.uasset" 260
"../../../Engine/Content/Tutorial/SubEditors/TutorialAssets/Character/TutorialTPP_Skeleton.uasset" 261
"../../../Engine/Content/Tutorial/SubEditors/TutorialAssets/Character/Tutorial_Idle.uasset" 262
"../../../Engine/Content/Tutorial/SubEditors/TutorialAssets/Character/Tutorial_Walk_Fwd.uasset" 263
"../../../Engine/Content/Tutorial/SubEditors/TutorialAssets/Character/NewBlendSpace1D.uasset" 264
"../../../Engine/Content/Tutorial/SubEditors/TutorialAssets/Character/TutorialCharacter.uasset" 265
"../../../Engine/Content/Tutorial/SubEditors/TutorialAssets/Character/TutorialTPP_AnimBlueprint.uasset" 266
"../../../Engine/Content/Tutorial/SubEditors/PersonaAnimBlueprintEditorWalkthrough.uasset" 267
"../../../Engine/Content/Tutorial/SubEditors/PersonaAnimEditorWalkthrough.uasset" 268
"../../../Engine/Content/Tutorial/SubEditors/PersonaAnimEditorTutorial.uasset" 269
"../../../Engine/Content/EngineMeshes/Cube.uasset" 270
"../../../Engine/Content/Tutorial/SubEditors/StaticMeshEditorTutorial.uasset" 271
"../../../Engine/Content/Tutorial/SubEditors/TutorialAssets/icon_Editor_Preferences_General_40x.uasset" 272
"../../../LineGoer/Content/AnimStarterPack/Hit_React_4.uasset" 273
"../../../LineGoer/Content/AnimStarterPack/Idle_Pistol.uasset" 274
"../../../LineGoer/Content/AnimStarterPack/Idle_Rifle_Ironsights.uasset" 275
"../../../LineGoer/Content/AnimStarterPack/Jump_From_Stand_Ironsights.uasset" 276
"../../../LineGoer/Content/AnimStarterPack/Prone_Death_1.uasset" 277
"../../../LineGoer/Content/AnimStarterPack/Prone_Death_2.uasset" 278
"../../../LineGoer/Content/AnimStarterPack/Prone_Fire_1.uasset" 279
"../../../LineGoer/Content/AnimStarterPack/Prone_Fire_2.uasset" 280
"../../../LineGoer/Content/AnimStarterPack/Prone_Reload_Rifle.uasset" 281
"../../../LineGoer/Content/AnimStarterPack/Prone_Reload_Shotgun.uasset" 282
"../../../LineGoer/Content/AnimStarterPack/Reload_Pistol.uasset" 283
"../../../LineGoer/Content/AnimStarterPack/Reload_Rifle_Ironsights.uasset" 284
"../../../LineGoer/Content/AnimStarterPack/Reload_Shotgun_Hip.uasset" 285
"../../../LineGoer/Content/AnimStarterPack/Reload_Shotgun_Ironsights.uasset" 286
"../../../LineGoer/Content/Blueprints/BP_GameMode.uasset" 287
"../../../LineGoer/Content/StarterContent/Materials/M_AssetPlatform.uasset" 288
"../../../LineGoer/Content/StarterContent/Architecture/SM_AssetPlatform.uasset" 289
"../../../LineGoer/Content/StarterContent/Materials/M_Basic_Wall.uasset" 290
"../../../LineGoer/Content/StarterContent/Architecture/Wall_400x200.uasset" 291
"../../../LineGoer/Content/StarterContent/Architecture/Wall_Door_400x300.uasset" 292
"../../../LineGoer/Content/StarterContent/Architecture/Wall_Window_400x300.uasset" 293
"../../../LineGoer/Content/StarterContent/Audio/Collapse01.uasset" 294
"../../../LineGoer/Content/StarterContent/Audio/Collapse02.uasset" 295
"../../../LineGoer/Content/StarterContent/Audio/Collapse_Cue.uasset" 296
"../../../LineGoer/Content/StarterContent/Audio/Explosion01.uasset" 297
"../../../LineGoer/Content/StarterContent/Audio/Explosion02.uasset" 298
"../../../LineGoer/Content/StarterContent/Audio/Explosion_Cue.uasset" 299
"../../../LineGoer/Content/StarterContent/Audio/Light02.uasset" 300
"../../../LineGoer/Content/StarterContent/Audio/Starter_Music01.uasset" 301
"../../../LineGoer/Content/StarterContent/Audio/Starter_Music_Cue.uasset" 302
"../../../LineGoer/Content/StarterContent/Textures/T_Lamp_M.uasset" 303
"../../../LineGoer/Content/StarterContent/Textures/T_Lamp_N.uasset" 304
"../../../LineGoer/Content/StarterContent/Props/Materials/M_Lamp.uasset" 305
"../../../LineGoer/Content/StarterContent/Props/SM_Lamp_Ceiling.uasset" 306
"../../../LineGoer/Content/StarterContent/Blueprints/Blueprint_CeilingLight.uasset" 307
"../../../LineGoer/Content/StarterContent/Audio/Fire01.uasset" 308
"../../../LineGoer/Content/StarterContent/Audio/Fire01_Cue.uasset" 309
"../../../LineGoer/Content/StarterContent/Textures/T_Fire_SubUV.uasset" 310
"../../../LineGoer/Content/StarterContent/Textures/T_Fire_Tiled_D.uasset" 311
"../../../LineGoer/Content/StarterContent/Particles/Materials/M_Fire_SubUV.uasset" 312
"../../../LineGoer/Content/StarterContent/Textures/T_Water_N.uasset" 313
"../../../LineGoer/Content/StarterContent/Particles/Materials/M_Heat_Distortion.uasset" 314
"../../../Engine/Content/Functions/Engine_MaterialFunctions01/Gradient/RadialGradient.uasset" 315
"../../../LineGoer/Content/StarterContent/Particles/Materials/M_Radial_Gradient.uasset" 316
"../../../LineGoer/Content/StarterContent/Textures/T_Smoke_SubUV.uasset" 317
"../../../LineGoer/Content/StarterContent/Textures/T_Smoke_Tiled_D.uasset" 318
"../../../LineGoer/Content/StarterContent/Particles/Materials/M_smoke_subUV.uasset" 319
"../../../LineGoer/Content/StarterContent/Particles/P_Fire.uasset" 320
"../../../LineGoer/Content/StarterContent/Blueprints/Blueprint_Effect_Fire.uasset" 321
"../../../LineGoer/Content/StarterContent/Audio/Smoke01.uasset" 322
"../../../LineGoer/Content/StarterContent/Audio/Smoke01_Cue.uasset" 323
"../../../LineGoer/Content/StarterContent/Particles/P_Smoke.uasset" 324
"../../../LineGoer/Content/StarterContent/Blueprints/Blueprint_Effect_Smoke.uasset" 325
"../../../LineGoer/Content/StarterContent/Audio/Fire_Sparks01.uasset" 326
"../../../LineGoer/Content/StarterContent/Audio/Fire_Sparks01_Cue.uasset" 327
"../../../LineGoer/Content/StarterContent/Textures/T_Spark_Core.uasset" 328
"../../../LineGoer/Content/StarterContent/Particles/Materials/M_Spark.uasset" 329
"../../../LineGoer/Content/StarterContent/Particles/P_Sparks.uasset" 330
"../../../LineGoer/Content/StarterContent/Blueprints/Blueprint_Effect_Sparks.uasset" 331
"../../../LineGoer/Content/StarterContent/Audio/Steam01.uasset" 332
"../../../LineGoer/Content/StarterContent/Audio/Steam01_Cue.uasset" 333
"../../../LineGoer/Content/StarterContent/Particles/P_Steam_Lit.uasset" 334
"../../../LineGoer/Content/StarterContent/Blueprints/Blueprint_Effect_Steam.uasset" 335
"../../../LineGoer/Content/StarterContent/Props/SM_Lamp_Wall.uasset" 336
"../../../LineGoer/Content/StarterContent/Blueprints/Blueprint_WallSconce.uasset" 337
"../../../LineGoer/Content/StarterContent/Blueprints/Assets/FogBrightnessLUT.uasset" 338
"../../../LineGoer/Content/StarterContent/Blueprints/Assets/SunlightColorLUT.uasset" 339
"../../../LineGoer/Content/StarterContent/Blueprints/Assets/M_LightStage_Arrows.uasset" 340
"../../../Engine/Content/MapTemplates/Sky/DaylightAmbientCubemap.uasset" 341
"../../../LineGoer/Content/StarterContent/Blueprints/Assets/M_LightStage_Skybox_Master.uasset" 342
"../../../LineGoer/Content/StarterContent/Blueprints/Assets/M_LightStage_Skybox_Black.uasset" 343
"../../../LineGoer/Content/StarterContent/Blueprints/Assets/M_LightStage_Skybox_HDRI.uasset" 344
"../../../Engine/Content/EditorMaterials/Thumbnails/SkySphereMaterial.uasset" 345
"../../../LineGoer/Content/StarterContent/Blueprints/Assets/Skybox.uasset" 346
"../../../LineGoer/Content/StarterContent/Blueprints/Assets/SM_Arrows.uasset" 347
"../../../LineGoer/Content/StarterContent/HDRI/HDRI_Epic_Courtyard_Daylight.uasset" 348
"../../../LineGoer/Content/StarterContent/Blueprints/BP_LightStudio.uasset" 349
