"G:/Unreal Projects/LineGoer/LineGoer.uproject" 1
"../../../Engine/Plugins/2D/Paper2D/Paper2D.uplugin" 2
"../../../Engine/Plugins/Blendables/LightPropagationVolume/LightPropagationVolume.uplugin" 3
"../../../Engine/Plugins/Developer/BlankPlugin/BlankPlugin.uplugin" 4
"../../../Engine/Plugins/Developer/CodeLiteSourceCodeAccess/CodeLiteSourceCodeAccess.uplugin" 5
"../../../Engine/Plugins/Developer/GitSourceControl/GitSourceControl.uplugin" 6
"../../../Engine/Plugins/Developer/KDevelopSourceCodeAccess/KDevelopSourceCodeAccess.uplugin" 7
"../../../Engine/Plugins/Developer/NullSourceCodeAccess/NullSourceCodeAccess.uplugin" 8
"../../../Engine/Plugins/Developer/OneSkyLocalizationService/OneSkyLocalizationService.uplugin" 9
"../../../Engine/Plugins/Developer/PerforceSourceControl/PerforceSourceControl.uplugin" 10
"../../../Engine/Plugins/Developer/SubversionSourceControl/SubversionSourceControl.uplugin" 11
"../../../Engine/Plugins/Developer/UObjectPlugin/UObjectPlugin.uplugin" 12
"../../../Engine/Plugins/Developer/VisualStudioSourceCodeAccess/VisualStudioSourceCodeAccess.uplugin" 13
"../../../Engine/Plugins/Developer/XCodeSourceCodeAccess/XCodeSourceCodeAccess.uplugin" 14
"../../../Engine/Plugins/Editor/EpicSurvey/EpicSurvey.uplugin" 15
"../../../Engine/Plugins/Editor/MacGraphicsSwitching/MacGraphicsSwitching.uplugin" 16
"../../../Engine/Plugins/Editor/PluginBrowser/PluginBrowser.uplugin" 17
"../../../Engine/Plugins/Editor/SpeedTreeImporter/SpeedTreeImporter.uplugin" 18
"../../../Engine/Plugins/Experimental/BlueprintStats/BlueprintStats.uplugin" 19
"../../../Engine/Plugins/Experimental/CharacterAI/CharacterAI.uplugin" 20
"../../../Engine/Plugins/Experimental/CodeEditor/CodeEditor.uplugin" 21
"../../../Engine/Plugins/Experimental/CodeView/CodeView.uplugin" 22
"../../../Engine/Plugins/Experimental/HTML5Networking/HTML5Networking.uplugin" 23
"../../../Engine/Plugins/Experimental/LiveEditor/LiveEditor.uplugin" 24
"../../../Engine/Plugins/Experimental/Phya/Phya.uplugin" 25
"../../../Engine/Plugins/Experimental/SimpleHMD/SimpleHMD.uplugin" 26
"../../../Engine/Plugins/Experimental/StructBox/StructBox.uplugin" 27
"../../../Engine/Plugins/Media/AndroidMedia/AndroidMedia.uplugin" 28
"../../../Engine/Plugins/Media/AvfMedia/AvfMedia.uplugin" 29
"../../../Engine/Plugins/Media/MediaPlayerEditor/MediaPlayerEditor.uplugin" 30
"../../../Engine/Plugins/Media/WmfMedia/WmfMedia.uplugin" 31
"../../../Engine/Plugins/Messaging/MessagingDebugger/MessagingDebugger.uplugin" 32
"../../../Engine/Plugins/Messaging/UdpMessaging/UdpMessaging.uplugin" 33
"../../../Engine/Plugins/NetcodeUnitTest/NetcodeUnitTest/NetcodeUnitTest.uplugin" 34
"../../../Engine/Plugins/NetcodeUnitTest/NUTUnrealEngine4/NUTUnrealEngine4.uplugin" 35
"../../../Engine/Plugins/Runtime/Advertising/IOSTapJoy/IOSTapJoy.uplugin" 36
"../../../Engine/Plugins/Runtime/Analytics/AnalyticsBlueprintLibrary/AnalyticsBlueprintLibrary.uplugin" 37
"../../../Engine/Plugins/Runtime/Analytics/AnalyticsMulticast/AnalyticsMulticast.uplugin" 38
"../../../Engine/Plugins/Runtime/Analytics/Apsalar/IOSApsalar/IOSApsalar.uplugin" 39
"../../../Engine/Plugins/Runtime/Analytics/FileLogging/FileLogging.uplugin" 40
"../../../Engine/Plugins/Runtime/Analytics/Flurry/IOSFlurry/IOSFlurry.uplugin" 41
"../../../Engine/Plugins/Runtime/AndroidDeviceProfileSelector/AndroidDeviceProfileSelector.uplugin" 42
"../../../Engine/Plugins/Runtime/AndroidMoviePlayer/AndroidMoviePlayer.uplugin" 43
"../../../Engine/Plugins/Runtime/AppleMoviePlayer/AppleMoviePlayer.uplugin" 44
"../../../Engine/Plugins/Runtime/ArchVisCharacter/ArchVisCharacter.uplugin" 45
"../../../Engine/Plugins/Runtime/CableComponent/CableComponent.uplugin" 46
"../../../Engine/Plugins/Runtime/CustomMeshComponent/CustomMeshComponent.uplugin" 47
"../../../Engine/Plugins/Runtime/ExampleDeviceProfileSelector/ExampleDeviceProfileSelector.uplugin" 48
"../../../Engine/Plugins/Runtime/GearVR/GearVR.uplugin" 49
"../../../Engine/Plugins/Runtime/IOSDeviceProfileSelector/IOSDeviceProfileSelector.uplugin" 50
"../../../Engine/Plugins/Runtime/LeapMotionController/LeapMotionController.uplugin" 51
"../../../Engine/Plugins/Runtime/LiveEditorListenServer/LiveEditorListenServer.uplugin" 52
"../../../Engine/Plugins/Runtime/OculusAudio/OculusAudio.uplugin" 53
"../../../Engine/Plugins/Runtime/OculusLibrary/OculusLibrary.uplugin" 54
"../../../Engine/Plugins/Runtime/OculusRift/OculusRift.uplugin" 55
"../../../Engine/Plugins/Runtime/ProceduralMeshComponent/ProceduralMeshComponent.uplugin" 56
"../../../Engine/Plugins/Runtime/SoundMod/SoundMod.uplugin" 57
"../../../Engine/Plugins/Runtime/SoundVisualizations/SoundVisualizations.uplugin" 58
"../../../Engine/Plugins/Runtime/Steam/SteamController/SteamController.uplugin" 59
"../../../Engine/Plugins/Runtime/Steam/SteamVR/SteamVR.uplugin" 60
"../../../Engine/Plugins/Runtime/WebBrowserWidget/WebBrowserWidget.uplugin" 61
"../../../Engine/Plugins/Runtime/WindowsDeviceProfileSelector/WindowsDeviceProfileSelector.uplugin" 62
"../../../Engine/Plugins/Runtime/WindowsMoviePlayer/WindowsMoviePlayer.uplugin" 63
"../../../Engine/Plugins/ScriptGeneratorPlugin/ScriptGeneratorPlugin.uplugin" 64
"../../../Engine/Plugins/ScriptPlugin/ScriptPlugin.uplugin" 65
"../../../Engine/Plugins/Slate/SlateRemote/SlateRemote.uplugin" 66
"..\..\..\Engine\Content\Internationalization\icudt53l\cnvalias.icu" 67
"..\..\..\Engine\Content\Internationalization\icudt53l\en_US_POSIX.res" 68
"..\..\..\Engine\Content\Internationalization\icudt53l\pool.res" 69
"..\..\..\Engine\Content\Internationalization\icudt53l\en_US.res" 70
"..\..\..\Engine\Content\Internationalization\icudt53l\en.res" 71
"..\..\..\Engine\Content\Internationalization\icudt53l\root.res" 72
"C:/Users/Timi/AppData/Local/UnrealEngine/4.9/Saved/Config/Windows/Manifest.ini" 73
"../../../Engine/Config/Base.ini" 74
"../../../Engine/Config/BaseEngine.ini" 75
"G:/Unreal Projects/LineGoer/Config/DefaultEngine.ini" 76
"../../../Engine/Config/Windows/WindowsEngine.ini" 77
"C:/Users/Timi/AppData/Local/Unreal Engine/Engine/Config/UserEngine.ini" 78
"G:/Unreal Projects/LineGoer/Saved/Config/Windows/Engine.ini" 79
"G:/Unreal Projects/LineGoer/Intermediate/Config/CoalescedSourceConfigs/Engine.ini" 80
"../../../Engine/Config/BaseGame.ini" 81
"G:/Unreal Projects/LineGoer/Config/DefaultGame.ini" 82
"G:/Unreal Projects/LineGoer/Saved/Config/Windows/Game.ini" 83
"G:/Unreal Projects/LineGoer/Intermediate/Config/CoalescedSourceConfigs/Game.ini" 84
"../../../Engine/Config/BaseInput.ini" 85
"G:/Unreal Projects/LineGoer/Config/DefaultInput.ini" 86
"G:/Unreal Projects/LineGoer/Saved/Config/Windows/Input.ini" 87
"G:/Unreal Projects/LineGoer/Intermediate/Config/CoalescedSourceConfigs/Input.ini" 88
"../../../Engine/Config/BaseEditor.ini" 89
"G:/Unreal Projects/LineGoer/Config/DefaultEditor.ini" 90
"G:/Unreal Projects/LineGoer/Saved/Config/Windows/Editor.ini" 91
"G:/Unreal Projects/LineGoer/Intermediate/Config/CoalescedSourceConfigs/Editor.ini" 92
"../../../Engine/Config/BaseEditorPerProjectUserSettings.ini" 93
"G:/Unreal Projects/LineGoer/Saved/Config/Windows/EditorPerProjectUserSettings.ini" 94
"G:/Unreal Projects/LineGoer/Intermediate/Config/CoalescedSourceConfigs/EditorPerProjectUserSettings.ini" 95
"../../../Engine/Config/BaseEditorSettings.ini" 96
"C:/Users/Timi/AppData/Local/UnrealEngine/4.9/Saved/Config/Windows/EditorSettings.ini" 97
"G:/Unreal Projects/LineGoer/Intermediate/Config/CoalescedSourceConfigs/EditorSettings.ini" 98
"../../../Engine/Config/BaseEditorLayout.ini" 99
"C:/Users/Timi/AppData/Local/UnrealEngine/4.9/Saved/Config/Windows/EditorLayout.ini" 100
"G:/Unreal Projects/LineGoer/Intermediate/Config/CoalescedSourceConfigs/EditorLayout.ini" 101
"../../../Engine/Config/BaseEditorKeyBindings.ini" 102
"C:/Users/Timi/AppData/Local/UnrealEngine/4.9/Saved/Config/Windows/EditorKeyBindings.ini" 103
"G:/Unreal Projects/LineGoer/Intermediate/Config/CoalescedSourceConfigs/EditorKeyBindings.ini" 104
"../../../Engine/Config/BaseCompat.ini" 105
"G:/Unreal Projects/LineGoer/Saved/Config/Windows/Compat.ini" 106
"G:/Unreal Projects/LineGoer/Intermediate/Config/CoalescedSourceConfigs/Compat.ini" 107
"../../../Engine/Config/BaseLightmass.ini" 108
"G:/Unreal Projects/LineGoer/Saved/Config/Windows/Lightmass.ini" 109
"G:/Unreal Projects/LineGoer/Intermediate/Config/CoalescedSourceConfigs/Lightmass.ini" 110
"../../../Engine/Config/BaseScalability.ini" 111
"G:/Unreal Projects/LineGoer/Saved/Config/Windows/Scalability.ini" 112
"G:/Unreal Projects/LineGoer/Intermediate/Config/CoalescedSourceConfigs/Scalability.ini" 113
"G:/Unreal Projects/LineGoer/Saved/Config/Windows/GameUserSettings.ini" 114
"G:/Unreal Projects/LineGoer/Intermediate/Config/CoalescedSourceConfigs/GameUserSettings.ini" 115
"../../../Engine/Config/BaseDeviceProfiles.ini" 116
"G:/Unreal Projects/LineGoer/Saved/Config/Windows/DeviceProfiles.ini" 117
"G:/Unreal Projects/LineGoer/Intermediate/Config/CoalescedSourceConfigs/DeviceProfiles.ini" 118
"../../../Engine/Config/ConsoleVariables.ini" 119
"..\..\..\Engine\Content\Internationalization\icudt53l\es.res" 120
"..\..\..\Engine\Content\Internationalization\icudt53l\ja.res" 121
"..\..\..\Engine\Content\Internationalization\icudt53l\ko.res" 122
"..\..\..\Engine\Content\Internationalization\icudt53l\pt_BR.res" 123
"..\..\..\Engine\Content\Internationalization\icudt53l\pt.res" 124
"..\..\..\Engine\Content\Internationalization\icudt53l\zh_CN.res" 125
"..\..\..\Engine\Content\Internationalization\icudt53l\zh_Hans_CN.res" 126
"..\..\..\Engine\Content\Internationalization\icudt53l\zh_Hans.res" 127
"..\..\..\Engine\Content\Internationalization\icudt53l\zh.res" 128
"D:/Epic Games/4.9/Engine/Content/Localization/Editor/en/Editor.locres" 129
"D:/Epic Games/4.9/Engine/Content/Localization/EditorTutorials/en/EditorTutorials.locres" 130
"D:/Epic Games/4.9/Engine/Content/Localization/Keywords/en/Keywords.locres" 131
"D:/Epic Games/4.9/Engine/Content/Localization/Category/en/Category.locres" 132
"D:/Epic Games/4.9/Engine/Content/Localization/ToolTips/en/ToolTips.locres" 133
"D:/Epic Games/4.9/Engine/Content/Localization/PropertyNames/en/PropertyNames.locres" 134
"D:/Epic Games/4.9/Engine/Content/Localization/Engine/en/Engine.locres" 135
"../../../Engine/Content/Slate/Fonts/Roboto-Regular.ttf" 136
"../../../Engine/Content/Slate/Fonts/DroidSansMono.ttf" 137
"../../../Engine/Content/Slate/Fonts/Roboto-Bold.ttf" 138
"../../../Engine/Content/Slate/Fonts/Roboto-Light.ttf" 139
"D:/Epic Games/4.9/Engine/Binaries/Win64/../../../Engine/Shaders/ParticleSpriteVertexFactory.usf" 140
"D:/Epic Games/4.9/Engine/Binaries/Win64/../../../Engine/Shaders/VertexFactoryCommon.usf" 141
"D:/Epic Games/4.9/Engine/Binaries/Win64/../../../Engine/Shaders/Common.usf" 142
"D:/Epic Games/4.9/Engine/Binaries/Win64/../../../Engine/Shaders/MetalCommon.usf" 143
"D:/Epic Games/4.9/Engine/Binaries/Win64/../../../Engine/Shaders/ShaderVersion.usf" 144
"D:/Epic Games/4.9/Engine/Binaries/Win64/../../../Engine/Shaders/CommonViewUniformBuffer.usf" 145
"D:/Epic Games/4.9/Engine/Binaries/Win64/../../../Engine/Shaders/Definitions.usf" 146
"D:/Epic Games/4.9/Engine/Binaries/Win64/../../../Engine/Shaders/Random.usf" 147
"D:/Epic Games/4.9/Engine/Binaries/Win64/../../../Engine/Shaders/ParticleVertexFactoryCommon.usf" 148
"D:/Epic Games/4.9/Engine/Binaries/Win64/../../../Engine/Shaders/ParticleGPUSpriteVertexFactory.usf" 149
"D:/Epic Games/4.9/Engine/Binaries/Win64/../../../Engine/Shaders/ParticleBeamTrailVertexFactory.usf" 150
"D:/Epic Games/4.9/Engine/Binaries/Win64/../../../Engine/Shaders/LocalVertexFactory.usf" 151
"D:/Epic Games/4.9/Engine/Binaries/Win64/../../../Engine/Shaders/LocalVertexFactoryCommon.usf" 152
"D:/Epic Games/4.9/Engine/Binaries/Win64/../../../Engine/Shaders/VectorFieldVisualizationVertexFactory.usf" 153
"D:/Epic Games/4.9/Engine/Binaries/Win64/../../../Engine/Shaders/MeshParticleVertexFactory.usf" 154
"D:/Epic Games/4.9/Engine/Binaries/Win64/../../../Engine/Shaders/GpuSkinVertexFactory.usf" 155
"D:/Epic Games/4.9/Engine/Binaries/Win64/../../../Engine/Shaders/GpuSkinCacheCommon.usf" 156
"D:/Epic Games/4.9/Engine/Binaries/Win64/../../../Engine/Shaders/LandscapeVertexFactory.usf" 157
"D:/Epic Games/4.9/Engine/Binaries/Win64/../../../Engine/Shaders/SlateElementPixelShader.usf" 158
"D:/Epic Games/4.9/Engine/Binaries/Win64/../../../Engine/Shaders/GammaCorrectionCommon.usf" 159
"D:/Epic Games/4.9/Engine/Binaries/Win64/../../../Engine/Shaders/MaterialTemplate.usf" 160
"D:/Epic Games/4.9/Engine/Binaries/Win64/../../../Engine/Shaders/DepthOfFieldCommon.usf" 161
"D:/Epic Games/4.9/Engine/Binaries/Win64/../../../Engine/Shaders/GlobalDistanceFieldShared.usf" 162
"D:/Epic Games/4.9/Engine/Binaries/Win64/../../../Engine/Shaders/SpeedTreeCommon.usf" 163
"D:/Epic Games/4.9/Engine/Binaries/Win64/../../../Engine/Shaders/AtmosphereCommon.usf" 164
"D:/Epic Games/4.9/Engine/Binaries/Win64/../../../Engine/Shaders/PaniniProjection.usf" 165
"D:/Epic Games/4.9/Engine/Binaries/Win64/../../../Engine/Shaders/EyeAdaptationCommon.usf" 166
"D:/Epic Games/4.9/Engine/Binaries/Win64/../../../Engine/Shaders/PostProcessCommon.usf" 167
"D:/Epic Games/4.9/Engine/Binaries/Win64/../../../Engine/Shaders/DeferredShadingCommon.usf" 168
"D:/Epic Games/4.9/Engine/Binaries/Win64/../../../Engine/Shaders/LightAccumulator.usf" 169
"D:/Epic Games/4.9/Engine/Binaries/Win64/../../../Engine/Shaders/SlateVertexShader.usf" 170
"D:/Epic Games/4.9/Engine/Binaries/Win64/../../../Engine/Shaders/ParticleSortKeyGen.usf" 171
"D:/Epic Games/4.9/Engine/Binaries/Win64/../../../Engine/Shaders/ParticleBoundsShader.usf" 172
"D:/Epic Games/4.9/Engine/Binaries/Win64/../../../Engine/Shaders/ParticleSimVisualizeShader.usf" 173
"D:/Epic Games/4.9/Engine/Binaries/Win64/../../../Engine/Shaders/ParticleInjectionShader.usf" 174
"D:/Epic Games/4.9/Engine/Binaries/Win64/../../../Engine/Shaders/ParticleSimulationShader.usf" 175
"D:/Epic Games/4.9/Engine/Binaries/Win64/../../../Engine/Shaders/ParticleCurveInjectionShader.usf" 176
"D:/Epic Games/4.9/Engine/Binaries/Win64/../../../Engine/Shaders/VectorFieldCompositeShaders.usf" 177
"D:/Epic Games/4.9/Engine/Binaries/Win64/../../../Engine/Shaders/UpdateTextureShaders.usf" 178
"D:/Epic Games/4.9/Engine/Binaries/Win64/../../../Engine/Shaders/SimpleElementColorChannelMaskPixelShader.usf" 179
"D:/Epic Games/4.9/Engine/Binaries/Win64/../../../Engine/Shaders/SimpleElementPixelShader.usf" 180
"D:/Epic Games/4.9/Engine/Binaries/Win64/../../../Engine/Shaders/ColorUtils.usf" 181
"D:/Epic Games/4.9/Engine/Binaries/Win64/../../../Engine/Shaders/IESLightProfilesCommon.usf" 182
"D:/Epic Games/4.9/Engine/Binaries/Win64/../../../Engine/Shaders/SimpleElementHitProxyPixelShader.usf" 183
"D:/Epic Games/4.9/Engine/Binaries/Win64/../../../Engine/Shaders/SimpleElementVertexShader.usf" 184
"D:/Epic Games/4.9/Engine/Binaries/Win64/../../../Engine/Shaders/ScreenVertexShader.usf" 185
"D:/Epic Games/4.9/Engine/Binaries/Win64/../../../Engine/Shaders/ScreenPixelShader.usf" 186
"D:/Epic Games/4.9/Engine/Binaries/Win64/../../../Engine/Shaders/RadixSortShaders.usf" 187
"D:/Epic Games/4.9/Engine/Binaries/Win64/../../../Engine/Shaders/GpuSkinCacheComputeShader.usf" 188
"D:/Epic Games/4.9/Engine/Binaries/Win64/../../../Engine/Shaders/NullPixelShader.usf" 189
"D:/Epic Games/4.9/Engine/Binaries/Win64/../../../Engine/Shaders/LandscapeGrassWeight.usf" 190
"D:/Epic Games/4.9/Engine/Binaries/Win64/../../../Engine/Shaders/VisualizeTexture.usf" 191
"D:/Epic Games/4.9/Engine/Binaries/Win64/../../../Engine/Shaders/ScreenSpaceReflections.usf" 192
"D:/Epic Games/4.9/Engine/Binaries/Win64/../../../Engine/Shaders/BRDF.usf" 193
"D:/Epic Games/4.9/Engine/Binaries/Win64/../../../Engine/Shaders/MonteCarlo.usf" 194
"D:/Epic Games/4.9/Engine/Binaries/Win64/../../../Engine/Shaders/ScreenSpaceRayCast.usf" 195
"D:/Epic Games/4.9/Engine/Binaries/Win64/../../../Engine/Shaders/FilterVertexShader.usf" 196
"D:/Epic Games/4.9/Engine/Binaries/Win64/../../../Engine/Shaders/FilterPixelShader.usf" 197
"D:/Epic Games/4.9/Engine/Binaries/Win64/../../../Engine/Shaders/PostProcessVisualizeHDR.usf" 198
"D:/Epic Games/4.9/Engine/Binaries/Win64/../../../Engine/Shaders/PostProcessHistogramCommon.usf" 199
"D:/Epic Games/4.9/Engine/Binaries/Win64/../../../Engine/Shaders/TonemapCommon.usf" 200
"D:/Epic Games/4.9/Engine/Binaries/Win64/../../../Engine/Shaders/ACES.usf" 201
"D:/Epic Games/4.9/Engine/Binaries/Win64/../../../Engine/Shaders/MiniFontCommon.usf" 202
"D:/Epic Games/4.9/Engine/Binaries/Win64/../../../Engine/Shaders/PostProcessVisualizeBuffer.usf" 203
"D:/Epic Games/4.9/Engine/Binaries/Win64/../../../Engine/Shaders/PostProcessUpscale.usf" 204
"D:/Epic Games/4.9/Engine/Binaries/Win64/../../../Engine/Shaders/PostProcessTonemap.usf" 205
"D:/Epic Games/4.9/Engine/Binaries/Win64/../../../Engine/Shaders/PostProcessTestImage.usf" 206
"D:/Epic Games/4.9/Engine/Binaries/Win64/../../../Engine/Shaders/PostProcessTemporalAA.usf" 207
"D:/Epic Games/4.9/Engine/Binaries/Win64/../../../Engine/Shaders/PostProcessTemporalCommon.usf" 208
"D:/Epic Games/4.9/Engine/Binaries/Win64/../../../Engine/Shaders/PostProcessSubsurface.usf" 209
"D:/Epic Games/4.9/Engine/Binaries/Win64/../../../Engine/Shaders/SeparableSSS.usf" 210
"D:/Epic Games/4.9/Engine/Binaries/Win64/../../../Engine/Shaders/PostProcessSelectionOutline.usf" 211
"D:/Epic Games/4.9/Engine/Binaries/Win64/../../../Engine/Shaders/PostProcessSceneColorFringe.usf" 212
"D:/Epic Games/4.9/Engine/Binaries/Win64/../../../Engine/Shaders/PostProcessNoiseBlur.usf" 213
"D:/Epic Games/4.9/Engine/Binaries/Win64/../../../Engine/Shaders/PostProcessMotionBlur.usf" 214
"D:/Epic Games/4.9/Engine/Binaries/Win64/../../../Engine/Shaders/FastMath.usf" 215
"D:/Epic Games/4.9/Engine/Binaries/Win64/../../../Engine/Shaders/PostProcessVelocityFlatten.usf" 216
"D:/Epic Games/4.9/Engine/Binaries/Win64/../../../Engine/Shaders/MorpheusInclude.usf" 217
"D:/Epic Games/4.9/Engine/Binaries/Win64/../../../Engine/Shaders/PostProcessMobile.usf" 218
"D:/Epic Games/4.9/Engine/Binaries/Win64/../../../Engine/Shaders/PostProcessMaterialShaders.usf" 219
"D:/Epic Games/4.9/Engine/Binaries/Win64/../../../Engine/Shaders/PostProcessLensFlares.usf" 220
"D:/Epic Games/4.9/Engine/Binaries/Win64/../../../Engine/Shaders/PostProcessLensBlur.usf" 221
"D:/Epic Games/4.9/Engine/Binaries/Win64/../../../Engine/Shaders/PostProcessBloom.usf" 222
"D:/Epic Games/4.9/Engine/Binaries/Win64/../../../Engine/Shaders/PostProcessHMD.usf" 223
"D:/Epic Games/4.9/Engine/Binaries/Win64/../../../Engine/Shaders/PostProcessHistogramReduce.usf" 224
"D:/Epic Games/4.9/Engine/Binaries/Win64/../../../Engine/Shaders/PostProcessHistogram.usf" 225
"D:/Epic Games/4.9/Engine/Binaries/Win64/../../../Engine/Shaders/PostProcessHierarchical.usf" 226
"D:/Epic Games/4.9/Engine/Binaries/Win64/../../../Engine/Shaders/PostProcessGBufferHints.usf" 227
"D:/Epic Games/4.9/Engine/Binaries/Win64/../../../Engine/Shaders/PostProcessEyeAdaptation.usf" 228
"D:/Epic Games/4.9/Engine/Binaries/Win64/../../../Engine/Shaders/PostProcessDownsample.usf" 229
"D:/Epic Games/4.9/Engine/Binaries/Win64/../../../Engine/Shaders/PostProcessDOF.usf" 230
"D:/Epic Games/4.9/Engine/Binaries/Win64/../../../Engine/Shaders/PostProcessCompositeEditorPrimitives.usf" 231
"D:/Epic Games/4.9/Engine/Binaries/Win64/../../../Engine/Shaders/PostProcessCombineLUTs.usf" 232
"D:/Epic Games/4.9/Engine/Binaries/Win64/../../../Engine/Shaders/PostProcessCircleDOF.usf" 233
"D:/Epic Games/4.9/Engine/Binaries/Win64/../../../Engine/Shaders/CircleDOFCommon.usf" 234
"D:/Epic Games/4.9/Engine/Binaries/Win64/../../../Engine/Shaders/PostProcessBusyWait.usf" 235
"D:/Epic Games/4.9/Engine/Binaries/Win64/../../../Engine/Shaders/PostProcessBokehDOF.usf" 236
"D:/Epic Games/4.9/Engine/Binaries/Win64/../../../Engine/Shaders/PostProcessVisualizeDOF.usf" 237
"D:/Epic Games/4.9/Engine/Binaries/Win64/../../../Engine/Shaders/FXAAShader.usf" 238
"D:/Epic Games/4.9/Engine/Binaries/Win64/../../../Engine/Shaders/Fxaa3_11.usf" 239
"D:/Epic Games/4.9/Engine/Binaries/Win64/../../../Engine/Shaders/PostProcessPassThrough.usf" 240
"D:/Epic Games/4.9/Engine/Binaries/Win64/../../../Engine/Shaders/PostProcessLpvIndirect.usf" 241
"D:/Epic Games/4.9/Engine/Binaries/Win64/../../../Engine/Shaders/DeferredLightingCommon.usf" 242
"D:/Epic Games/4.9/Engine/Binaries/Win64/../../../Engine/Shaders/DynamicLightingCommon.usf" 243
"D:/Epic Games/4.9/Engine/Binaries/Win64/../../../Engine/Shaders/ShadingModels.usf" 244
"D:/Epic Games/4.9/Engine/Binaries/Win64/../../../Engine/Shaders/LPVFinalPass.usf" 245
"D:/Epic Games/4.9/Engine/Binaries/Win64/../../../Engine/Shaders/LPVCommon.usf" 246
"D:/Epic Games/4.9/Engine/Binaries/Win64/../../../Engine/Shaders/DeferredDecal.usf" 247
"D:/Epic Games/4.9/Engine/Binaries/Win64/../../../Engine/Shaders/PostProcessAmbientOcclusion.usf" 248
"D:/Epic Games/4.9/Engine/Binaries/Win64/../../../Engine/Shaders/PostProcessAmbient.usf" 249
"D:/Epic Games/4.9/Engine/Binaries/Win64/../../../Engine/Shaders/CubemapCommon.usf" 250
"D:/Epic Games/4.9/Engine/Binaries/Win64/../../../Engine/Shaders/VelocityShader.usf" 251
"D:/Epic Games/4.9/Engine/Binaries/Win64/../../../Engine/Shaders/VelocityCommon.usf" 252
"D:/Epic Games/4.9/Engine/Binaries/Win64/../../../Engine/Shaders/Tessellation.usf" 253
"D:/Epic Games/4.9/Engine/Binaries/Win64/../../../Engine/Shaders/FlatTessellation.usf" 254
"D:/Epic Games/4.9/Engine/Binaries/Win64/../../../Engine/Shaders/PNTriangles.usf" 255
"D:/Epic Games/4.9/Engine/Binaries/Win64/../../../Engine/Shaders/TranslucentLightingShaders.usf" 256
"D:/Epic Games/4.9/Engine/Binaries/Win64/../../../Engine/Shaders/SHCommon.usf" 257
"D:/Epic Games/4.9/Engine/Binaries/Win64/../../../Engine/Shaders/ShadowProjectionCommon.usf" 258
"D:/Epic Games/4.9/Engine/Binaries/Win64/../../../Engine/Shaders/TranslucentLightInjectionShaders.usf" 259
"D:/Epic Games/4.9/Engine/Binaries/Win64/../../../Engine/Shaders/LightFunctionCommon.usf" 260
"D:/Epic Games/4.9/Engine/Binaries/Win64/../../../Engine/Shaders/TranslucentShadowDepthShaders.usf" 261
"D:/Epic Games/4.9/Engine/Binaries/Win64/../../../Engine/Shaders/ShadowDepthCommon.usf" 262
"D:/Epic Games/4.9/Engine/Binaries/Win64/../../../Engine/Shaders/TiledDeferredLightShaders.usf" 263
"D:/Epic Games/4.9/Engine/Binaries/Win64/../../../Engine/Shaders/SurfelTree.usf" 264
"D:/Epic Games/4.9/Engine/Binaries/Win64/../../../Engine/Shaders/DistanceFieldLightingShared.usf" 265
"D:/Epic Games/4.9/Engine/Binaries/Win64/../../../Engine/Shaders/SurfelMaterialShared.usf" 266
"D:/Epic Games/4.9/Engine/Binaries/Win64/../../../Engine/Shaders/DistanceFieldAOShared.usf" 267
"D:/Epic Games/4.9/Engine/Binaries/Win64/../../../Engine/Shaders/ShadowProjectionPixelShader.usf" 268
"D:/Epic Games/4.9/Engine/Binaries/Win64/../../../Engine/Shaders/ShadowFilteringCommon.usf" 269
"D:/Epic Games/4.9/Engine/Binaries/Win64/../../../Engine/Shaders/ShadowProjectionVertexShader.usf" 270
"D:/Epic Games/4.9/Engine/Binaries/Win64/../../../Engine/Shaders/ShadowDepthPixelShader.usf" 271
"D:/Epic Games/4.9/Engine/Binaries/Win64/../../../Engine/Shaders/LPVWriteVplCommon.usf" 272
"D:/Epic Games/4.9/Engine/Binaries/Win64/../../../Engine/Shaders/LPVWriteCommon.usf" 273
"D:/Epic Games/4.9/Engine/Binaries/Win64/../../../Engine/Shaders/ShadowDepthVertexShader.usf" 274
"D:/Epic Games/4.9/Engine/Binaries/Win64/../../../Engine/Shaders/ShaderComplexityApplyPixelShader.usf" 275
"D:/Epic Games/4.9/Engine/Binaries/Win64/../../../Engine/Shaders/ShaderComplexityApplyVertexShader.usf" 276
"D:/Epic Games/4.9/Engine/Binaries/Win64/../../../Engine/Shaders/ShaderComplexityAccumulatePixelShader.usf" 277
"D:/Epic Games/4.9/Engine/Binaries/Win64/../../../Engine/Shaders/HZBOcclusion.usf" 278
"D:/Epic Games/4.9/Engine/Binaries/Win64/../../../Engine/Shaders/OcclusionQueryVertexShader.usf" 279
"D:/Epic Games/4.9/Engine/Binaries/Win64/../../../Engine/Shaders/HitProxyPixelShader.usf" 280
"D:/Epic Games/4.9/Engine/Binaries/Win64/../../../Engine/Shaders/HitProxyVertexShader.usf" 281
"D:/Epic Games/4.9/Engine/Binaries/Win64/../../../Engine/Shaders/ReflectionEnvironmentShaders.usf" 282
"D:/Epic Games/4.9/Engine/Binaries/Win64/../../../Engine/Shaders/ReflectionEnvironmentShared.usf" 283
"D:/Epic Games/4.9/Engine/Binaries/Win64/../../../Engine/Shaders/SkyLightingShared.usf" 284
"D:/Epic Games/4.9/Engine/Binaries/Win64/../../../Engine/Shaders/ReflectionEnvironmentComputeShaders.usf" 285
"D:/Epic Games/4.9/Engine/Binaries/Win64/../../../Engine/Shaders/LightShaftShader.usf" 286
"D:/Epic Games/4.9/Engine/Binaries/Win64/../../../Engine/Shaders/StationaryLightOverlapShaders.usf" 287
"D:/Epic Games/4.9/Engine/Binaries/Win64/../../../Engine/Shaders/DeferredLightPixelShaders.usf" 288
"D:/Epic Games/4.9/Engine/Binaries/Win64/../../../Engine/Shaders/DeferredLightVertexShaders.usf" 289
"D:/Epic Games/4.9/Engine/Binaries/Win64/../../../Engine/Shaders/LPVVisualise.usf" 290
"D:/Epic Games/4.9/Engine/Binaries/Win64/../../../Engine/Shaders/LPVGeometryVolumeCommon.usf" 291
"D:/Epic Games/4.9/Engine/Binaries/Win64/../../../Engine/Shaders/LPVDirectLightInject.usf" 292
"D:/Epic Games/4.9/Engine/Binaries/Win64/../../../Engine/Shaders/LPVPropagate.usf" 293
"D:/Epic Games/4.9/Engine/Binaries/Win64/../../../Engine/Shaders/LPVPacking.usf" 294
"D:/Epic Games/4.9/Engine/Binaries/Win64/../../../Engine/Shaders/LPVBuildGeometryVolume.usf" 295
"D:/Epic Games/4.9/Engine/Binaries/Win64/../../../Engine/Shaders/LpvDirectionalOcclusion.usf" 296
"D:/Epic Games/4.9/Engine/Binaries/Win64/../../../Engine/Shaders/LPVInject_AccumulateVplLists.usf" 297
"D:/Epic Games/4.9/Engine/Binaries/Win64/../../../Engine/Shaders/LPVInject_GenerateVplLists.usf" 298
"D:/Epic Games/4.9/Engine/Binaries/Win64/../../../Engine/Shaders/LPVClearLists.usf" 299
"D:/Epic Games/4.9/Engine/Binaries/Win64/../../../Engine/Shaders/LPVClear.usf" 300
"D:/Epic Games/4.9/Engine/Binaries/Win64/../../../Engine/Shaders/LightMapDensityShader.usf" 301
"D:/Epic Games/4.9/Engine/Binaries/Win64/../../../Engine/Shaders/LightFunctionPixelShader.usf" 302
"D:/Epic Games/4.9/Engine/Binaries/Win64/../../../Engine/Shaders/LightFunctionVertexShader.usf" 303
"D:/Epic Games/4.9/Engine/Binaries/Win64/../../../Engine/Shaders/HeightfieldLighting.usf" 304
"D:/Epic Games/4.9/Engine/Binaries/Win64/../../../Engine/Shaders/DistanceFieldShadowingShared.usf" 305
"D:/Epic Games/4.9/Engine/Binaries/Win64/../../../Engine/Shaders/HdrCustomResolveShaders.usf" 306
"D:/Epic Games/4.9/Engine/Binaries/Win64/../../../Engine/Shaders/GPUBenchmark.usf" 307
"D:/Epic Games/4.9/Engine/Binaries/Win64/../../../Engine/Shaders/GlobalDistanceField.usf" 308
"D:/Epic Games/4.9/Engine/Binaries/Win64/../../../Engine/Shaders/GammaCorrection.usf" 309
"D:/Epic Games/4.9/Engine/Binaries/Win64/../../../Engine/Shaders/BasePassForForwardShadingPixelShader.usf" 310
"D:/Epic Games/4.9/Engine/Binaries/Win64/../../../Engine/Shaders/BasePassForForwardShadingCommon.usf" 311
"D:/Epic Games/4.9/Engine/Binaries/Win64/../../../Engine/Shaders/LightmapCommon.usf" 312
"D:/Epic Games/4.9/Engine/Binaries/Win64/../../../Engine/Shaders/BasePassForForwardShadingVertexShader.usf" 313
"D:/Epic Games/4.9/Engine/Binaries/Win64/../../../Engine/Shaders/HeightFogCommon.usf" 314
"D:/Epic Games/4.9/Engine/Binaries/Win64/../../../Engine/Shaders/HeightFogPixelShader.usf" 315
"D:/Epic Games/4.9/Engine/Binaries/Win64/../../../Engine/Shaders/HeightFogVertexShader.usf" 316
"D:/Epic Games/4.9/Engine/Binaries/Win64/../../../Engine/Shaders/DistortAccumulatePS.usf" 317
"D:/Epic Games/4.9/Engine/Binaries/Win64/../../../Engine/Shaders/DistortAccumulateVS.usf" 318
"D:/Epic Games/4.9/Engine/Binaries/Win64/../../../Engine/Shaders/DistortApplyScreenPS.usf" 319
"D:/Epic Games/4.9/Engine/Binaries/Win64/../../../Engine/Shaders/DistanceFieldSurfaceCacheLighting.usf" 320
"D:/Epic Games/4.9/Engine/Binaries/Win64/../../../Engine/Shaders/SkyLighting.usf" 321
"D:/Epic Games/4.9/Engine/Binaries/Win64/../../../Engine/Shaders/DistanceFieldSurfaceCacheLightingCompute.usf" 322
"D:/Epic Games/4.9/Engine/Binaries/Win64/../../../Engine/Shaders/DistanceFieldShadowing.usf" 323
"D:/Epic Games/4.9/Engine/Binaries/Win64/../../../Engine/Shaders/DistanceFieldScreenGridLighting.usf" 324
"D:/Epic Games/4.9/Engine/Binaries/Win64/../../../Engine/Shaders/DistanceFieldLightingPost.usf" 325
"D:/Epic Games/4.9/Engine/Binaries/Win64/../../../Engine/Shaders/DistanceFieldGlobalIllumination.usf" 326
"D:/Epic Games/4.9/Engine/Binaries/Win64/../../../Engine/Shaders/DepthOnlyPixelShader.usf" 327
"D:/Epic Games/4.9/Engine/Binaries/Win64/../../../Engine/Shaders/DepthOnlyVertexShader.usf" 328
"D:/Epic Games/4.9/Engine/Binaries/Win64/../../../Engine/Shaders/PositionOnlyDepthVertexShader.usf" 329
"D:/Epic Games/4.9/Engine/Binaries/Win64/../../../Engine/Shaders/DownsampleDepthPixelShader.usf" 330
"D:/Epic Games/4.9/Engine/Binaries/Win64/../../../Engine/Shaders/EvaluateSurfelMaterial.usf" 331
"D:/Epic Games/4.9/Engine/Binaries/Win64/../../../Engine/Shaders/ConvertToUniformMesh.usf" 332
"D:/Epic Games/4.9/Engine/Binaries/Win64/../../../Engine/Shaders/BasePassPixelShader.usf" 333
"D:/Epic Games/4.9/Engine/Binaries/Win64/../../../Engine/Shaders/BasePassCommon.usf" 334
"D:/Epic Games/4.9/Engine/Binaries/Win64/../../../Engine/Shaders/ForEachLight.usf" 335
"D:/Epic Games/4.9/Engine/Binaries/Win64/../../../Engine/Shaders/BasePassVertexShader.usf" 336
"D:/Epic Games/4.9/Engine/Binaries/Win64/../../../Engine/Shaders/BasePassVertexCommon.usf" 337
"D:/Epic Games/4.9/Engine/Binaries/Win64/../../../Engine/Shaders/BasePassTessellationShaders.usf" 338
"D:/Epic Games/4.9/Engine/Binaries/Win64/../../../Engine/Shaders/AtmospherePrecompute.usf" 339
"D:/Epic Games/4.9/Engine/Binaries/Win64/../../../Engine/Shaders/AtmospherePrecomputeCommon.usf" 340
"D:/Epic Games/4.9/Engine/Binaries/Win64/../../../Engine/Shaders/AtmospherePrecomputeInscatter.usf" 341
"D:/Epic Games/4.9/Engine/Binaries/Win64/../../../Engine/Shaders/AtmosphericFogShader.usf" 342
"D:/Epic Games/4.9/Engine/Binaries/Win64/../../../Engine/Shaders/ResolveVertexShader.usf" 343
"D:/Epic Games/4.9/Engine/Binaries/Win64/../../../Engine/Shaders/ResolvePixelShader.usf" 344
"D:/Epic Games/4.9/Engine/Binaries/Win64/../../../Engine/Shaders/OneColorShader.usf" 345
"D:/Epic Games/4.9/Engine/Binaries/Win64/../../../Engine/Shaders/MediaShaders.usf" 346
"D:/Epic Games/4.9/Engine/Binaries/Win64/../../../Engine/Shaders/ClearReplacementShaders.usf" 347
"D:/Epic Games/4.9/Engine/Binaries/Win64/../../../Engine/Shaders/SimpleElementTexture2DPreviewPixelShader.usf" 348
"D:/Epic Games/4.9/Engine/Binaries/Win64/../../../Engine/Shaders/SimpleElementNormalMapPixelShader.usf" 349
"D:/Epic Games/4.9/Engine/Binaries/Win64/../../../Engine/Shaders/meshpaintdilatepixelshader.usf" 350
"D:/Epic Games/4.9/Engine/Binaries/Win64/../../../Engine/Shaders/meshpaintdilatevertexshader.usf" 351
"D:/Epic Games/4.9/Engine/Binaries/Win64/../../../Engine/Shaders/MeshPaintPixelShader.usf" 352
"D:/Epic Games/4.9/Engine/Binaries/Win64/../../../Engine/Shaders/MeshPaintVertexShader.usf" 353
"../../../Engine/Config/Android/AndroidEngine.ini" 354
"../../../Engine/Config/IOS/IOSEngine.ini" 355
"../../../Engine/Config/Linux/LinuxEngine.ini" 356
"C:/Users/Timi/AppData/Local/UnrealEngine/4.9/DerivedDataCache/Boot.ddc" 357
"../../../Engine/DerivedDataCache/Compressed.ddp" 358
"../../../Engine/Content/EngineFonts/Roboto.uasset" 359
"../../../Engine/Content/EngineMaterials/Widget3DPassThrough_Translucent.uasset" 360
"../../../Engine/Content/EngineMaterials/Widget3DPassThrough.uasset" 361
"../../../Engine/Content/Functions/Engine_MaterialFunctions02/Texturing/ScreenAlignedUVs.uasset" 362
"../../../Engine/Content/EngineResources/WhiteSquareTexture.uasset" 363
"../../../Engine/Content/Functions/Engine_MaterialFunctions01/Shading/PowerToRoughness.uasset" 364
"../../../Engine/Content/Functions/Engine_MaterialFunctions01/Shading/ConvertFromDiffSpec.uasset" 365
"../../../Engine/Content/EngineMaterials/WorldGridMaterial.uasset" 366
"../../../Engine/Content/Functions/Engine_MaterialFunctions01/Opacity/CameraDepthFade.uasset" 367
"../../../Engine/Content/EngineMaterials/T_Default_Material_Grid_M.uasset" 368
"../../../Engine/Content/EngineMaterials/T_Default_Material_Grid_N.uasset" 369
"../../../Engine/Content/EngineMaterials/DefaultDeferredDecalMaterial.uasset" 370
"../../../Engine/Content/EngineMaterials/DefaultDiffuse.uasset" 371
"../../../Engine/Content/EngineMaterials/DefaultLightFunctionMaterial.uasset" 372
"../../../Engine/Content/EngineMaterials/DefaultPostProcessMaterial.uasset" 373
"../../../Engine/Content/Functions/Engine_MaterialFunctions02/Utility/BreakOutFloat2Components.uasset" 374
"../../../Engine/Content/EngineResources/DefaultTexture.uasset" 375
"../../../Engine/Content/EngineMaterials/Widget3DPassThrough_Translucent_OneSided.uasset" 376
"../../../Engine/Content/EngineMaterials/Widget3DPassThrough_Opaque.uasset" 377
"../../../Engine/Content/EngineMaterials/Widget3DPassThrough_Opaque_OneSided.uasset" 378
"../../../Engine/Content/EngineMaterials/Widget3DPassThrough_Masked.uasset" 379
"../../../Engine/Content/EngineMaterials/Widget3DPassThrough_Masked_OneSided.uasset" 380
"../../../Engine/Content/EditorResources/S_Actor.uasset" 381
"G:/Unreal Projects/LineGoer/Saved/Config/Windows/TemplateDefs.ini" 382
"G:/Unreal Projects/LineGoer/Intermediate/Config/CoalescedSourceConfigs/TemplateDefs.ini" 383
"G:/Unreal Projects/LineGoer/Saved/Config/Windows/GameplayTags.ini" 384
"G:/Unreal Projects/LineGoer/Intermediate/Config/CoalescedSourceConfigs/GameplayTags.ini" 385
"../../../Engine/Content/Maps/Templates/Thumbnails/Default.uasset" 386
"../../../Engine/Content/EditorMaterials/ParticleSystems/PSysThumbnail_NoImage.uasset" 387
"../../../Engine/Content/EditorMaterials/ParticleSystems/PSysThumbnail_OOD.uasset" 388
"../../../Engine/Content/EditorLandscapeResources/DataLayer.uasset" 389
"../../../Engine/Content/EngineDamageTypes/DmgTypeBP_Environmental.uasset" 390
"..\..\..\Engine\Content\Internationalization\icudt53l\numberingSystems.res" 391
"..\..\..\Engine\Content\Internationalization\icudt53l\curr\supplementalData.res" 392
"..\..\..\Engine\Content\Internationalization\icudt53l\curr\pool.res" 393
"..\..\..\Engine\Content\Internationalization\icudt53l\curr\en.res" 394
"..\..\..\Engine\Content\Internationalization\icudt53l\curr\root.res" 395
"../../../Engine/Content/EngineMeshes/Sphere.uasset" 396
"../../../Engine/Content/EngineFonts/RobotoDistanceField.uasset" 397
"../../../Engine/Content/EngineMaterials/DefaultTextMaterialOpaque.uasset" 398
"../../../Engine/Content/EditorResources/S_Trigger.uasset" 399
"../../../Engine/Content/EngineResources/GradientTexture0.uasset" 400
"../../../Engine/Content/EngineResources/Black.uasset" 401
"../../../Engine/Content/EditorMaterials/MatineeGroups/MAT_Groups_Float.uasset" 402
"../../../Engine/Content/EditorMaterials/MatineeGroups/MAT_Groups_Director.uasset" 403
"../../../Engine/Content/EditorMaterials/MatineeGroups/MAT_Groups_Event.uasset" 404
"../../../Engine/Content/EditorMaterials/MatineeGroups/MAT_Groups_Anim.uasset" 405
"../../../Engine/Content/EditorMaterials/MatineeGroups/MAT_Groups_Fade.uasset" 406
"../../../Engine/Content/EditorMaterials/MatineeGroups/MAT_Groups_Move.uasset" 407
"../../../Engine/Content/EditorMaterials/MatineeGroups/MAT_Groups_Slomo.uasset" 408
"../../../Engine/Content/EditorMaterials/MatineeGroups/MAT_ColorTrack.uasset" 409
"../../../Engine/Content/EditorMaterials/MAT_Groups_Toggle.uasset" 410
"../../../Engine/Content/EditorMaterials/MatineeGroups/MAT_Groups_AudioMaster.uasset" 411
"../../../Engine/Content/EditorMaterials/MatineeGroups/MAT_Groups_Sound.uasset" 412
"../../../Engine/Content/EditorMaterials/MatineeGroups/MAT_Groups_Vector.uasset" 413
"../../../Engine/Content/EditorMaterials/MAT_Groups_Visibility.uasset" 414
"../../../Engine/Content/EngineResources/DefaultTextureCube.uasset" 415
"../../../Engine/Content/EngineSounds/Master.uasset" 416
"../../../Engine/Content/EngineSounds/Music.uasset" 417
"../../../Engine/Content/EngineSounds/SFX.uasset" 418
"../../../Engine/Content/EngineSounds/Normal_Attack.uasset" 419
"../../../Engine/Content/EngineSounds/Special_Attack_PSM.uasset" 420
"../../../Engine/Content/EngineSounds/Duck_Normal_Attack_MixMod.uasset" 421
"../../../Engine/Content/EngineSounds/Voice.uasset" 422
"../../../Engine/Content/EngineMeshes/Cylinder.uasset" 423
"../../../Engine/Content/EngineMaterials/DefaultMaterial.uasset" 424
"../../../Engine/Content/EngineTireTypes/DefaultTireType.uasset" 425
"../../../Engine/Content/Editor/Slate/Fonts/FontAwesome.ttf" 426
"../../../Engine/Content/Editor/Slate/Fonts/DroidSansMono.ttf" 427
"../../../Engine/Content/Editor/Slate/Fonts/Roboto-BoldCondensed.ttf" 428
"../../../Engine/Content/Editor/Slate/Fonts/Roboto-Black.ttf" 429
"../../../Engine/Content/Editor/Slate/Fonts/Roboto-Italic.ttf" 430
"../../../Engine/Content/Editor/Slate/Fonts/Roboto-BoldCondensedItalic.ttf" 431
"..\..\..\Engine\Content\Internationalization\icudt53l\coll\ucadata.icu" 432
"..\..\..\Engine\Content\Internationalization\icudt53l\nfc.nrm" 433
"..\..\..\Engine\Content\Internationalization\icudt53l\coll\en_US.res" 434
"..\..\..\Engine\Content\Internationalization\icudt53l\coll\en.res" 435
"..\..\..\Engine\Content\Internationalization\icudt53l\coll\root.res" 436
"../../../Engine/Content/EngineResources/AICON-Red.uasset" 437
"../../../Engine/Content/EngineResources/AICON-Green.uasset" 438
"../../../Engine/Content/Tutorial/Basics/LevelEditorAttract.uasset" 439
"../../../Engine/Content/Tutorial/Basics/LevelEditorOverview.uasset" 440
"../../../Engine/Content/Tutorial/Basics/TutorialAssets/icon_tab_Levels_40x.uasset" 441
"../../../Engine/Content/Tutorial/Basics/ContentBrowserOverview.uasset" 442
"../../../Engine/Content/Tutorial/Basics/ViewportsTutorial.uasset" 443
"../../../Engine/Content/Tutorial/Basics/TutorialAssets/CameraActor_64x.uasset" 444
"../../../Engine/Content/Tutorial/BlueprintTutorials/BlueprintEditorTutorial.uasset" 445
"../../../Engine/Content/Tutorial/BlueprintTutorials/TutorialAssets/Blueprint_64x.uasset" 446
"../../../Engine/Content/Tutorial/ContentIntroCurve.uasset" 447
"../../../Engine/Plugins/2D/Paper2D/Content/MaskedUnlitSpriteMaterial.uasset" 448
"../../../Engine/Plugins/2D/Paper2D/Content/DefaultSpriteMaterial.uasset" 449
"../../../Engine/Plugins/2D/Paper2D/Content/DummySpriteTexture.uasset" 450
"../../../Engine/Plugins/2D/Paper2D/Content/PlaceholderTextures/DummySpriteTexture.uasset" 451
"../../../Engine/Plugins/2D/Paper2D/Content/OpaqueUnlitSpriteMaterial.uasset" 452
"../../../Engine/Plugins/2D/Paper2D/Content/DefaultPaperTerrainMaterial.uasset" 453
"../../../Engine/Plugins/2D/Paper2D/Content/DummySprite.uasset" 454
"C:/Users/Timi/AppData/Local/UnrealEngine/4.9/Saved/Config/Windows/SourceControlSettings.ini" 455
"G:/Unreal Projects/LineGoer/Intermediate/Config/CoalescedSourceConfigs/SourceControlSettings.ini" 456
"G:/Unreal Projects/LineGoer/Saved/Config/Windows/SourceControlSettings.ini" 457
"../../../Engine/Plugins/Runtime/LeapMotionController/Content/LM_CapsuleMesh.uasset" 458
"../../../Engine/Plugins/Runtime/LeapMotionController/Content/LM_TorusMesh.uasset" 459
"../../../Engine/Plugins/Runtime/LeapMotionController/Content/LM_HandColor.uasset" 460
"../../../Engine/Plugins/Runtime/LeapMotionController/Content/LM_PassthroughMaterial.uasset" 461
"../../../Engine/Plugins/Runtime/LeapMotionController/Content/LM_SampleDistortion.uasset" 462
"../../../Engine/Plugins/Runtime/LeapMotionController/Content/LM_TestTexture.uasset" 463
"../../../Engine/Content/BasicShapes/Cube.uasset" 464
"../../../Engine/Content/EngineMaterials/RemoveSurfaceMaterial.uasset" 465
"../../../Engine/Content/EngineDebugMaterials/DebugMeshMaterial.uasset" 466
"../../../Engine/Content/EngineMaterials/M_InvalidLightmapSettings.uasset" 467
"../../../Engine/Content/EngineMaterials/InvalidLightmapSettings.uasset" 468
"../../../Engine/Content/EditorMaterials/GizmoMaterial.uasset" 469
"../../../Engine/Content/EngineMaterials/Good64x64TilingNoiseHighFreq.uasset" 470
"../../../Engine/Content/EngineMaterials/DefaultBokeh.uasset" 471
"../../../Engine/Content/EngineMaterials/PreintegratedSkinBRDF.uasset" 472
"../../../Engine/Content/EngineMaterials/MiniFont.uasset" 473
"../../../Engine/Content/EngineMaterials/WeightMapPlaceholderTexture.uasset" 474
"../../../Engine/Content/EngineMaterials/DefaultWhiteGrid.uasset" 475
"../../../Engine/Content/EngineMaterials/DefaultPhysicalMaterial.uasset" 476
"../../../Engine/Content/EngineFonts/RobotoTiny.uasset" 477
"G:/Unreal Projects/LineGoer/Intermediate/CachedAssetRegistry.bin" 478
"G:/Unreal Projects/LineGoer/Content/AnimStarterPack/UE4_Mannequin/Mesh/UE4_Mannequin_Skeleton.uasset" 479
"G:/Unreal Projects/LineGoer/Content/BlendSpace/BS_Normal.uasset" 480
"G:/Unreal Projects/LineGoer/Content/Blueprints/BP_CharacterAnimation_01.uasset" 481
"G:/Unreal Projects/LineGoer/Content/Blueprints/BP_Character_01.uasset" 482
"G:/Unreal Projects/LineGoer/Content/StarterContent/Maps/Minimal_Default.umap" 483
"G:/Unreal Projects/LineGoer/Saved/Autosaves/Game/BP_CharacterAnimation_01_Auto4.uasset" 484
"G:/Unreal Projects/LineGoer/Saved/Autosaves/Game/BP_Jog_BS_Auto3.uasset" 485
"G:/Unreal Projects/LineGoer/Saved/Autosaves/Game/Char_AnimationBlueprting_Auto2.uasset" 486
"G:/Unreal Projects/LineGoer/Saved/Autosaves/Game/Char_BP_Auto2.uasset" 487
"G:/Unreal Projects/LineGoer/Saved/Autosaves/Game/NewBlendSpace_Auto3.uasset" 488
"G:/Unreal Projects/LineGoer/Saved/Autosaves/Game/PlayerController_Auto1.uasset" 489
"G:/Unreal Projects/LineGoer/Saved/Autosaves/Game/StarterContent/Maps/Minimal_Default_Auto1.umap" 490
"G:/Unreal Projects/LineGoer/Saved/Autosaves/Game/StarterContent/Maps/Minimal_Default_Auto2.umap" 491
"G:/Unreal Projects/LineGoer/Saved/Autosaves/Game/StarterContent/Maps/Minimal_Default_Auto5.umap" 492
"G:/Unreal Projects/LineGoer/Saved/Autosaves/Game/StarterContent/Maps/Minimal_Default_Auto6.umap" 493
"G:/Unreal Projects/LineGoer/Saved/Autosaves/Game/StarterContent/Maps/Minimal_Default_Auto7.umap" 494
"G:/Unreal Projects/LineGoer/Saved/Cooked/WindowsNoEditor/LineGoer/CookedIniVersion.txt" 495
"../../../Engine/Config/HTML5/HTML5Engine.ini" 496
"../../../Engine/Content/MobileResources/HUD/VirtualJoystick_Thumb.uasset" 497
"../../../Engine/Content/EditorResources/BSPVertex.uasset" 498
"../../../Engine/Content/EngineDebugMaterials/WireframeMaterial.uasset" 499
"../../../Engine/Content/EngineDebugMaterials/GeomMaterial.uasset" 500
"../../../Engine/Content/EngineDebugMaterials/LevelColorationLitMaterial.uasset" 501
"../../../Engine/Content/EngineDebugMaterials/LevelColorationUnlitMaterial.uasset" 502
"../../../Engine/Content/EngineDebugMaterials/MAT_LevelColorationLitLightmapUV.uasset" 503
"../../../Engine/Content/EngineDebugMaterials/ShadedLevelColorationLitMaterial.uasset" 504
"../../../Engine/Content/EngineDebugMaterials/ShadedLevelColorationUnlitMateri.uasset" 505
"../../../Engine/Content/EngineDebugMaterials/VertexColorMaterial.uasset" 506
"../../../Engine/Content/EngineDebugMaterials/VertexColorViewMode_ColorOnly.uasset" 507
"../../../Engine/Content/EngineDebugMaterials/VertexColorViewMode_AlphaAsColor.uasset" 508
"../../../Engine/Content/EngineDebugMaterials/VertexColorViewMode_RedOnly.uasset" 509
"../../../Engine/Content/EngineDebugMaterials/VertexColorViewMode_GreenOnly.uasset" 510
"../../../Engine/Content/EngineDebugMaterials/VertexColorViewMode_BlueOnly.uasset" 511
"../../../Engine/Content/EngineDebugMaterials/BoneWeightMaterial.uasset" 512
"../../../Engine/Content/EngineDebugMaterials/HeatmapGradient.uasset" 513
"../../../Engine/Content/EditorMaterials/PhAT_JointLimitMaterial.uasset" 514
"../../../Engine/Content/EditorMaterials/PreviewShadowIndicatorMaterial.uasset" 515
"../../../Engine/Content/EditorMaterials/PreviewShadowIndicator.uasset" 516
"../../../Engine/Content/EngineMaterials/EditorBrushMaterial.uasset" 517
"../../../Engine/Content/MobileResources/HUD/DefaultVirtualJoysticks.uasset" 518
"../../../Engine/Content/MobileResources/HUD/VirtualJoystick_Background.uasset" 519
"../../../Engine/Content/Tutorial/SubEditors/TutorialAssets/icon_Editor_Preferences_General_40x.uasset" 520
"../../../Engine/Content/Tutorial/Paper2D/TutorialAssets/Paper2DSprite_TutorialIcon.uasset" 521
"../../../Engine/Content/Tutorial/SubEditors/TutorialAssets/icon_ShowSkeletalMeshes_40x.uasset" 522
"../../../Engine/Content/Tutorial/Landscape/TutorialAssets/Landscape.uasset" 523
"../../../Engine/Content/Tutorial/Foliage/TutorialAssets/Foliage.uasset" 524
"../../../Engine/Content/Tutorial/SubEditors/StaticMeshEditorTutorial.uasset" 525
"../../../Engine/Content/EngineMeshes/Cube.uasset" 526
"../../../Engine/Content/Tutorial/BlueprintTutorials/BlueprintMacroLibrariesEditorOverview.uasset" 527
"../../../Engine/Content/Tutorial/BlueprintTutorials/TutorialAssets/BlueprintMacroLibrary_64x.uasset" 528
"../../../Engine/Content/Tutorial/BlueprintTutorials/TutorialAssets/Tutorial_BP_MacroLib.uasset" 529
"../../../Engine/Content/Tutorial/BlueprintTutorials/BlueprintInterfacesEditorOverview.uasset" 530
"../../../Engine/Content/Tutorial/BlueprintTutorials/TutorialAssets/BlueprintInterface_64x.uasset" 531
"../../../Engine/Content/Tutorial/BlueprintTutorials/TutorialAssets/Tutorial_BP_Interface.uasset" 532
"../../../Engine/Content/Tutorial/BlueprintTutorials/LevelBlueprintEditorOverview.uasset" 533
"../../../Engine/Content/Tutorial/SubEditors/DestructibleMeshEditorTutorial.uasset" 534
"../../../Engine/Content/Tutorial/SubEditors/TutorialAssets/Tutorial_DM.uasset" 535
"../../../Engine/Content/EditorMeshes/EditorCube.uasset" 536
"../../../Engine/Content/Tutorial/SubEditors/MaterialEditorTutorial.uasset" 537
"../../../Engine/Content/Tutorial/SubEditors/TutorialAssets/TutorialMaterial.uasset" 538
"../../../Engine/Content/Tutorial/SubEditors/ParticleSystemEditorTutorial.uasset" 539
"../../../Engine/Content/Tutorial/SubEditors/TutorialAssets/TutorialParticleSystem.uasset" 540
"../../../Engine/Content/Tutorial/SubEditors/TutorialAssets/M_smoke_subUV_blackbody.uasset" 541
"../../../Engine/Content/Tutorial/SubEditors/TutorialAssets/T_SmokeSubUV_8X8.uasset" 542
"../../../Engine/Content/Tutorial/SubEditors/TutorialAssets/T_soft_smoke.uasset" 543
"../../../Engine/Content/Tutorial/SubEditors/PersonaAnimEditorTutorial.uasset" 544
"../../../Engine/Content/Tutorial/SubEditors/PersonaAnimEditorWalkthrough.uasset" 545
"../../../Engine/Content/Tutorial/SubEditors/TutorialAssets/Character/NewBlendSpace1D.uasset" 546
"../../../Engine/Content/Tutorial/SubEditors/TutorialAssets/Character/Tutorial_Idle.uasset" 547
"../../../Engine/Content/Tutorial/SubEditors/TutorialAssets/Character/TutorialTPP_Skeleton.uasset" 548
"../../../Engine/Content/Tutorial/SubEditors/TutorialAssets/Character/Tutorial_Walk_Fwd.uasset" 549
"../../../Engine/Content/Tutorial/SubEditors/TutorialAssets/Character/TutorialTPP.uasset" 550
"../../../Engine/Content/Tutorial/SubEditors/TutorialAssets/Character/TutorialTPP_Mat.uasset" 551
"../../../Engine/Content/Tutorial/SubEditors/TutorialAssets/Character/TutorialTPP_PhysicsAsset.uasset" 552
"../../../Engine/Content/Tutorial/SubEditors/PersonaAnimBlueprintEditorWalkthrough.uasset" 553
"../../../Engine/Content/Tutorial/SubEditors/TutorialAssets/Character/TutorialTPP_AnimBlueprint.uasset" 554
"../../../Engine/Content/EditorBlueprintResources/StandardMacros.uasset" 555
"../../../Engine/Content/Tutorial/SubEditors/TutorialAssets/Character/TutorialCharacter.uasset" 556
"../../../Engine/Content/Tutorial/Paper2D/SpriteEditorTutorial.uasset" 557
"../../../Engine/Content/Tutorial/Paper2D/FlipbookEditorTutorial.uasset" 558
"../../../Engine/Content/Tutorial/Paper2D/TutorialAssets/Paper2DFlipbook_TutorialIcon.uasset" 559
"../../../Engine/Content/Tutorial/Landscape/Landscape_Manage_Mode.uasset" 560
"../../../Engine/Content/Tutorial/Landscape/Landscape_Sculpt_Mode.uasset" 561
"../../../Engine/Content/Tutorial/Landscape/Landscape_Painting_Mode.uasset" 562
"../../../Engine/Content/Tutorial/Foliage/Foliage_Intro_Tutorial.uasset" 563
"../../../Engine/Content/Tutorial/Foliage/Foliage_Using_The_Tool_Tutorial.uasset" 564
"../../../Engine/Content/Tutorial/Foliage/Foliage_Settings_Tutorial.uasset" 565
"../../../Engine/Content/MobileResources/HUD/T_Castle_ThumbstickInner.uasset" 566
"../../../Engine/Content/MobileResources/HUD/MobileHUDDirectionPad3.uasset" 567
"../../../Engine/Content/MobileResources/HUD/MobileHUDDirectionPad.uasset" 568
"../../../Engine/Content/MobileResources/HUD/MobileHUDButton3.uasset" 569
"../../../Engine/Content/MobileResources/HUD/MobileHUDButton2_off.uasset" 570
"../../../Engine/Content/MobileResources/HUD/MobileHUDButton1_on.uasset" 571
"../../../Engine/Content/MobileResources/HUD/MobileHUDButton1_off.uasset" 572
"../../../Engine/Content/MobileResources/HUD/LeftVirtualJoystickOnly.uasset" 573
"../../../Engine/Content/MobileResources/HUD/AnalogHat.uasset" 574
"../../../Engine/Content/MobileResources/T_MobileControls_texture.uasset" 575
"G:/Unreal Projects/LineGoer/Content/StarterContent/Textures/T_Statue_M.uasset" 576
"G:/Unreal Projects/LineGoer/Content/StarterContent/Blueprints/Assets/SM_Arrows.uasset" 577
"G:/Unreal Projects/LineGoer/Content/StarterContent/Blueprints/Assets/Skybox.uasset" 578
"../../../Engine/Content/EditorMaterials/Thumbnails/SkySphereMaterial.uasset" 579
"G:/Unreal Projects/LineGoer/Content/StarterContent/Blueprints/Assets/M_LightStage_Skybox_Master.uasset" 580
"../../../Engine/Content/MapTemplates/Sky/DaylightAmbientCubemap.uasset" 581
"G:/Unreal Projects/LineGoer/Content/StarterContent/Blueprints/Assets/M_LightStage_Skybox_HDRI.uasset" 582
"G:/Unreal Projects/LineGoer/Content/StarterContent/Blueprints/Assets/M_LightStage_Skybox_Black.uasset" 583
"G:/Unreal Projects/LineGoer/Content/StarterContent/Blueprints/Assets/M_LightStage_Arrows.uasset" 584
"G:/Unreal Projects/LineGoer/Content/StarterContent/Blueprints/Assets/FogBrightnessLUT.uasset" 585
"G:/Unreal Projects/LineGoer/Content/StarterContent/Blueprints/BP_LightStudio.uasset" 586
"G:/Unreal Projects/LineGoer/Content/StarterContent/Blueprints/Assets/SunlightColorLUT.uasset" 587
"G:/Unreal Projects/LineGoer/Content/StarterContent/HDRI/HDRI_Epic_Courtyard_Daylight.uasset" 588
"G:/Unreal Projects/LineGoer/Content/StarterContent/Blueprints/Blueprint_WallSconce.uasset" 589
"G:/Unreal Projects/LineGoer/Content/StarterContent/Props/SM_Lamp_Wall.uasset" 590
"G:/Unreal Projects/LineGoer/Content/StarterContent/Props/Materials/M_Lamp.uasset" 591
"G:/Unreal Projects/LineGoer/Content/StarterContent/Textures/T_Lamp_M.uasset" 592
"G:/Unreal Projects/LineGoer/Content/StarterContent/Textures/T_Lamp_N.uasset" 593
"G:/Unreal Projects/LineGoer/Content/StarterContent/Blueprints/Blueprint_Effect_Steam.uasset" 594
"G:/Unreal Projects/LineGoer/Content/StarterContent/Audio/Steam01_Cue.uasset" 595
"G:/Unreal Projects/LineGoer/Content/StarterContent/Audio/Steam01.uasset" 596
"G:/Unreal Projects/LineGoer/Content/StarterContent/Particles/P_Steam_Lit.uasset" 597
"G:/Unreal Projects/LineGoer/Content/StarterContent/Particles/Materials/M_smoke_subUV.uasset" 598
"G:/Unreal Projects/LineGoer/Content/StarterContent/Textures/T_Smoke_SubUV.uasset" 599
"G:/Unreal Projects/LineGoer/Content/StarterContent/Textures/T_Smoke_Tiled_D.uasset" 600
"G:/Unreal Projects/LineGoer/Content/StarterContent/Blueprints/Blueprint_Effect_Sparks.uasset" 601
"G:/Unreal Projects/LineGoer/Content/StarterContent/Audio/Fire_Sparks01_Cue.uasset" 602
"G:/Unreal Projects/LineGoer/Content/StarterContent/Audio/Fire_Sparks01.uasset" 603
"G:/Unreal Projects/LineGoer/Content/StarterContent/Particles/P_Sparks.uasset" 604
"G:/Unreal Projects/LineGoer/Content/StarterContent/Particles/Materials/M_Radial_Gradient.uasset" 605
"../../../Engine/Content/Functions/Engine_MaterialFunctions01/Gradient/RadialGradient.uasset" 606
"G:/Unreal Projects/LineGoer/Content/StarterContent/Particles/Materials/M_Spark.uasset" 607
"G:/Unreal Projects/LineGoer/Content/StarterContent/Textures/T_Spark_Core.uasset" 608
"G:/Unreal Projects/LineGoer/Content/StarterContent/Blueprints/Blueprint_Effect_Smoke.uasset" 609
"G:/Unreal Projects/LineGoer/Content/StarterContent/Audio/Smoke01_Cue.uasset" 610
"G:/Unreal Projects/LineGoer/Content/StarterContent/Audio/Smoke01.uasset" 611
"G:/Unreal Projects/LineGoer/Content/StarterContent/Particles/P_Smoke.uasset" 612
"G:/Unreal Projects/LineGoer/Content/StarterContent/Blueprints/Blueprint_Effect_Fire.uasset" 613
"G:/Unreal Projects/LineGoer/Content/StarterContent/Audio/Fire01_Cue.uasset" 614
"G:/Unreal Projects/LineGoer/Content/StarterContent/Audio/Fire01.uasset" 615
"G:/Unreal Projects/LineGoer/Content/StarterContent/Particles/P_Fire.uasset" 616
"G:/Unreal Projects/LineGoer/Content/StarterContent/Particles/Materials/M_Fire_SubUV.uasset" 617
"G:/Unreal Projects/LineGoer/Content/StarterContent/Textures/T_Fire_SubUV.uasset" 618
"G:/Unreal Projects/LineGoer/Content/StarterContent/Textures/T_Fire_Tiled_D.uasset" 619
"G:/Unreal Projects/LineGoer/Content/StarterContent/Particles/Materials/M_Heat_Distortion.uasset" 620
"G:/Unreal Projects/LineGoer/Content/StarterContent/Textures/T_Water_N.uasset" 621
"G:/Unreal Projects/LineGoer/Content/StarterContent/Blueprints/Blueprint_CeilingLight.uasset" 622
"G:/Unreal Projects/LineGoer/Content/StarterContent/Props/SM_Lamp_Ceiling.uasset" 623
"G:/Unreal Projects/LineGoer/Content/StarterContent/Audio/Starter_Wind06.uasset" 624
"G:/Unreal Projects/LineGoer/Content/StarterContent/Audio/Starter_Wind05.uasset" 625
"G:/Unreal Projects/LineGoer/Content/StarterContent/Audio/Starter_Music_Cue.uasset" 626
"G:/Unreal Projects/LineGoer/Content/StarterContent/Audio/Starter_Music01.uasset" 627
"G:/Unreal Projects/LineGoer/Content/StarterContent/Audio/Starter_Birds01.uasset" 628
"G:/Unreal Projects/LineGoer/Content/StarterContent/Audio/Starter_Background_Cue.uasset" 629
"G:/Unreal Projects/LineGoer/Content/StarterContent/Audio/Light02.uasset" 630
"G:/Unreal Projects/LineGoer/Content/StarterContent/Audio/Explosion_Cue.uasset" 631
"G:/Unreal Projects/LineGoer/Content/StarterContent/Audio/Explosion01.uasset" 632
"G:/Unreal Projects/LineGoer/Content/StarterContent/Audio/Explosion02.uasset" 633
"G:/Unreal Projects/LineGoer/Content/StarterContent/Audio/Collapse_Cue.uasset" 634
"G:/Unreal Projects/LineGoer/Content/StarterContent/Audio/Collapse01.uasset" 635
"G:/Unreal Projects/LineGoer/Content/StarterContent/Audio/Collapse02.uasset" 636
"G:/Unreal Projects/LineGoer/Content/StarterContent/Architecture/Wall_Window_400x300.uasset" 637
"G:/Unreal Projects/LineGoer/Content/StarterContent/Materials/M_Basic_Wall.uasset" 638
"G:/Unreal Projects/LineGoer/Content/StarterContent/Architecture/Wall_Door_400x300.uasset" 639
"G:/Unreal Projects/LineGoer/Content/StarterContent/Architecture/Wall_400x200.uasset" 640
"G:/Unreal Projects/LineGoer/Content/StarterContent/Architecture/SM_AssetPlatform.uasset" 641
"G:/Unreal Projects/LineGoer/Content/StarterContent/Materials/M_AssetPlatform.uasset" 642
"G:/Unreal Projects/LineGoer/Content/StarterContent/Architecture/Floor_400x400.uasset" 643
"G:/Unreal Projects/LineGoer/Content/StarterContent/Materials/M_Basic_Floor.uasset" 644
"C:/Users/Timi/AppData/Local/UnrealEngine/Common/DerivedDataCache/8/0/5/PHYSX_1D9C17C451EA4FB88CB7A27536A65DB0_PHYSXPC_B4A7C7B041A160D0A354308F7985171__6294389886DC177BDA05BB2ECA3A478E827206C5.udd" 645
"C:/Users/Timi/AppData/Local/UnrealEngine/Common/DerivedDataCache/1/7/6/NAVCOLLISION_B89838347A4348138EE337A847529C5C_NAVCOLLISION_X_B4A7C7B041A160D0A__F3D4CC7328655AFC5FFD0875F7C0F6E52C82C95B.udd" 646
"G:/Unreal Projects/LineGoer/Content/Blueprints/BP_GameMode.uasset" 647
"G:/Unreal Projects/LineGoer/Content/AnimStarterPack/UE4_Mannequin/Mesh/SK_Mannequin.uasset" 648
"G:/Unreal Projects/LineGoer/Content/AnimStarterPack/UE4_Mannequin/Materials/M_UE4Man_Body.uasset" 649
"../../../Engine/Content/Functions/Engine_MaterialFunctions02/Utility/BlendAngleCorrectedNormals.uasset" 650
"../../../Engine/Content/Functions/MaterialLayerFunctions/MatLayerBlend_AO.uasset" 651
"../../../Engine/Content/Functions/MaterialLayerFunctions/MatLayerBlend_NormalBlend.uasset" 652
"../../../Engine/Content/Functions/MaterialLayerFunctions/MatLayerBlend_Simple.uasset" 653
"G:/Unreal Projects/LineGoer/Content/AnimStarterPack/UE4_Mannequin/Materials/MaterialLayers/ML_GlossyBlack_Latex_UE4.uasset" 654
"G:/Unreal Projects/LineGoer/Content/AnimStarterPack/UE4_Mannequin/Materials/MaterialLayers/T_ML_Rubber_Blue_01_D.uasset" 655
"G:/Unreal Projects/LineGoer/Content/AnimStarterPack/UE4_Mannequin/Materials/MaterialLayers/T_ML_Rubber_Blue_01_N.uasset" 656
"G:/Unreal Projects/LineGoer/Content/AnimStarterPack/UE4_Mannequin/Materials/MaterialLayers/ML_Plastic_Shiny_Beige.uasset" 657
"G:/Unreal Projects/LineGoer/Content/AnimStarterPack/UE4_Mannequin/Materials/MaterialLayers/ML_Plastic_Shiny_Beige_LOGO.uasset" 658
"G:/Unreal Projects/LineGoer/Content/AnimStarterPack/UE4_Mannequin/Textures/UE4_LOGO_CARD.uasset" 659
"G:/Unreal Projects/LineGoer/Content/AnimStarterPack/UE4_Mannequin/Materials/MaterialLayers/ML_SoftMetal_UE4.uasset" 660
"G:/Unreal Projects/LineGoer/Content/AnimStarterPack/UE4_Mannequin/Materials/MaterialLayers/T_ML_Aluminum01.uasset" 661
"G:/Unreal Projects/LineGoer/Content/AnimStarterPack/UE4_Mannequin/Materials/MaterialLayers/T_ML_Aluminum01_N.uasset" 662
"G:/Unreal Projects/LineGoer/Content/AnimStarterPack/UE4_Mannequin/Textures/UE4_Mannequin__normals.uasset" 663
"G:/Unreal Projects/LineGoer/Content/AnimStarterPack/UE4_Mannequin/Textures/UE4_Mannequin_MAT_MASKA.uasset" 664
"G:/Unreal Projects/LineGoer/Content/AnimStarterPack/UE4_Mannequin/Textures/UE4_Mannequin_occlusion_Mobile.uasset" 665
"G:/Unreal Projects/LineGoer/Content/AnimStarterPack/UE4_Mannequin/Materials/M_UE4Man_ChestLogo.uasset" 666
"G:/Unreal Projects/LineGoer/Content/AnimStarterPack/UE4_Mannequin/Textures/UE4Man_Logo_N.uasset" 667
"G:/Unreal Projects/LineGoer/Content/AnimStarterPack/UE4_Mannequin/Mesh/SK_Mannequin_PhysicsAsset.uasset" 668
"C:/Users/Timi/AppData/Local/UnrealEngine/Common/DerivedDataCache/4/6/8/MATSM_984AFA3849534FAA8491540B994BD32E_PCD3D_SM5_3__BC5N_DEV_SL_NODBUF702B8A90__445B7B9FC5F605546BA40076C757A46A97630D14.udd" 669
"C:/Users/Timi/AppData/Local/UnrealEngine/Common/DerivedDataCache/3/5/1/MATSM_984AFA3849534FAA8491540B994BD32E_PCD3D_SM4_3__BC5N_DEV_SL_NODBUF702B8A90__538941850F13E9F03BADF8DA39DBFA99ED507AC0.udd" 670
"C:/Users/Timi/AppData/Local/UnrealEngine/Common/DerivedDataCache/3/6/3/MATSM_984AFA3849534FAA8491540B994BD32E_PCD3D_SM5_3__BC5N_DEV_SL_NODBUF702B8A90__2A780F1A434986FAD4CB8CF362D274BF26EC0AB6.udd" 671
"C:/Users/Timi/AppData/Local/UnrealEngine/Common/DerivedDataCache/3/0/7/MATSM_984AFA3849534FAA8491540B994BD32E_PCD3D_SM4_3__BC5N_DEV_SL_NODBUF702B8A90__6E95B872EBB62C35F5D40418044A5F447EE73081.udd" 672
"G:/Unreal Projects/LineGoer/Content/AnimStarterPack/Crouch_Idle_Rifle_Hip.uasset" 673
"G:/Unreal Projects/LineGoer/Content/AnimStarterPack/Idle_Rifle_Hip.uasset" 674
"G:/Unreal Projects/LineGoer/Content/AnimStarterPack/Jump_From_Jog.uasset" 675
"G:/Unreal Projects/LineGoer/Content/AnimStarterPack/Jump_From_Stand.uasset" 676
"G:/Unreal Projects/LineGoer/Content/AnimStarterPack/Prone_Idle.uasset" 677
"G:/Unreal Projects/LineGoer/Content/AnimStarterPack/Prone_To_Stand.uasset" 678
"G:/Unreal Projects/LineGoer/Content/AnimStarterPack/Sprint_Fwd_Rifle.uasset" 679
"G:/Unreal Projects/LineGoer/Content/AnimStarterPack/Stand_To_Prone.uasset" 680
"G:/Unreal Projects/LineGoer/Content/BlendSpace/BS_Crouch.uasset" 681
"G:/Unreal Projects/LineGoer/Content/AnimStarterPack/Crouch_Walk_Bwd_Rifle_Ironsights.uasset" 682
"G:/Unreal Projects/LineGoer/Content/AnimStarterPack/Crouch_Walk_Fwd_Rifle_Ironsights.uasset" 683
"G:/Unreal Projects/LineGoer/Content/AnimStarterPack/Crouch_Walk_Lt_Rifle_Ironsights.uasset" 684
"G:/Unreal Projects/LineGoer/Content/AnimStarterPack/Crouch_Walk_Rt_Rifle_Ironsights.uasset" 685
"G:/Unreal Projects/LineGoer/Content/AnimStarterPack/Jog_Bwd_Rifle.uasset" 686
"G:/Unreal Projects/LineGoer/Content/AnimStarterPack/Jog_Fwd_Rifle.uasset" 687
"G:/Unreal Projects/LineGoer/Content/AnimStarterPack/Jog_Lt_Rifle.uasset" 688
"G:/Unreal Projects/LineGoer/Content/AnimStarterPack/Jog_Rt_Rifle.uasset" 689
"C:/Users/Timi/AppData/Local/UnrealEngine/Common/DerivedDataCache/3/8/3/TEXTURE_814DCC3DC72143F49509781513CB9855_BC5_96B64D9C4BA70056DD03FB9C5C579350___80EA579238390FE84E9DA8C0404EAA6F38BE3EDF.udd" 690
"C:/Users/Timi/AppData/Local/UnrealEngine/Common/DerivedDataCache/9/4/9/TEXTURE_814DCC3DC72143F49509781513CB9855_BC5_96B64D9C4BA70056DD03FB9C5C579350___6DB7AC949E1E15073B690EBB0292D4984ABB9E89.udd" 691
"C:/Users/Timi/AppData/Local/UnrealEngine/Common/DerivedDataCache/3/2/5/TEXTURE_814DCC3DC72143F49509781513CB9855_BC5_96B64D9C4BA70056DD03FB9C5C579350___51820BF7125BC8ADA73F67F35EEE471566599C1A.udd" 692
"C:/Users/Timi/AppData/Local/UnrealEngine/Common/DerivedDataCache/1/1/0/TEXTURE_814DCC3DC72143F49509781513CB9855_BC5_96B64D9C4BA70056DD03FB9C5C579350___4F51C2A2CBEFD6FAD8D67D833C52AC0EDE6CE636.udd" 693
"C:/Users/Timi/AppData/Local/UnrealEngine/Common/DerivedDataCache/3/1/5/TEXTURE_814DCC3DC72143F49509781513CB9855_BC5_96B64D9C4BA70056DD03FB9C5C579350___C993D6B0463E5BE22A6312F1E8C1F367EF962063.udd" 694
"C:/Users/Timi/AppData/Local/UnrealEngine/Common/DerivedDataCache/9/1/5/TEXTURE_814DCC3DC72143F49509781513CB9855_BC5_96B64D9C4BA70056DD03FB9C5C579350___456B2D34C009323539A89D242D676582440757CA.udd" 695
"G:/Unreal Projects/LineGoer/Content/AnimStarterPack/Reload_Shotgun_Ironsights.uasset" 696
"G:/Unreal Projects/LineGoer/Content/AnimStarterPack/Reload_Shotgun_Hip.uasset" 697
"G:/Unreal Projects/LineGoer/Content/AnimStarterPack/Reload_Rifle_Ironsights.uasset" 698
"G:/Unreal Projects/LineGoer/Content/AnimStarterPack/Reload_Rifle_Hip.uasset" 699
"G:/Unreal Projects/LineGoer/Content/AnimStarterPack/Reload_Pistol.uasset" 700
"G:/Unreal Projects/LineGoer/Content/AnimStarterPack/Prone_Reload_Shotgun.uasset" 701
"G:/Unreal Projects/LineGoer/Content/AnimStarterPack/Prone_Reload_Rifle.uasset" 702
"G:/Unreal Projects/LineGoer/Content/AnimStarterPack/Prone_Fire_2.uasset" 703
"G:/Unreal Projects/LineGoer/Content/AnimStarterPack/Prone_Fire_1.uasset" 704
"G:/Unreal Projects/LineGoer/Content/AnimStarterPack/Prone_Death_2.uasset" 705
"G:/Unreal Projects/LineGoer/Content/AnimStarterPack/Prone_Death_1.uasset" 706
"G:/Unreal Projects/LineGoer/Content/AnimStarterPack/Jump_From_Stand_Ironsights.uasset" 707
"G:/Unreal Projects/LineGoer/Content/AnimStarterPack/Idle_Rifle_Ironsights.uasset" 708
"G:/Unreal Projects/LineGoer/Content/AnimStarterPack/Idle_Rifle_Hip_Break2.uasset" 709
"G:/Unreal Projects/LineGoer/Content/AnimStarterPack/Idle_Rifle_Hip_Break1.uasset" 710
"G:/Unreal Projects/LineGoer/Content/AnimStarterPack/Idle_Pistol.uasset" 711
"G:/Unreal Projects/LineGoer/Content/AnimStarterPack/Hit_React_4.uasset" 712
"G:/Unreal Projects/LineGoer/Content/AnimStarterPack/Hit_React_3.uasset" 713
"G:/Unreal Projects/LineGoer/Content/AnimStarterPack/Hit_React_2.uasset" 714
"G:/Unreal Projects/LineGoer/Content/AnimStarterPack/Hit_React_1.uasset" 715
"G:/Unreal Projects/LineGoer/Content/AnimStarterPack/Fire_Shotgun_Ironsights.uasset" 716
"G:/Unreal Projects/LineGoer/Content/AnimStarterPack/Fire_Shotgun_Hip.uasset" 717
"G:/Unreal Projects/LineGoer/Content/AnimStarterPack/Fire_Rifle_Ironsights.uasset" 718
"G:/Unreal Projects/LineGoer/Content/AnimStarterPack/Fire_Rifle_Hip.uasset" 719
"G:/Unreal Projects/LineGoer/Content/AnimStarterPack/Equip_Rifle_Standing.uasset" 720
"G:/Unreal Projects/LineGoer/Content/AnimStarterPack/Equip_Pistol_Standing.uasset" 721
"G:/Unreal Projects/LineGoer/Content/AnimStarterPack/Death_Ironsights_2.uasset" 722
"G:/Unreal Projects/LineGoer/Content/AnimStarterPack/Death_Ironsights_1.uasset" 723
"G:/Unreal Projects/LineGoer/Content/AnimStarterPack/Death_3.uasset" 724
"G:/Unreal Projects/LineGoer/Content/AnimStarterPack/Death_2.uasset" 725
"G:/Unreal Projects/LineGoer/Content/AnimStarterPack/Death_1.uasset" 726
"G:/Unreal Projects/LineGoer/Content/AnimStarterPack/Crouch_Walk_Rt_Rifle_Hip.uasset" 727
"G:/Unreal Projects/LineGoer/Content/AnimStarterPack/Crouch_Walk_Lt_Rifle_Hip.uasset" 728
"G:/Unreal Projects/LineGoer/Content/AnimStarterPack/Crouch_Walk_Fwd_Rifle_Hip.uasset" 729
"G:/Unreal Projects/LineGoer/Content/AnimStarterPack/Crouch_Walk_Bwd_Rifle_Hip.uasset" 730
"G:/Unreal Projects/LineGoer/Content/AnimStarterPack/Crouch_to_Stand_Rifle_Ironsights.uasset" 731
"G:/Unreal Projects/LineGoer/Content/AnimStarterPack/Crouch_to_Stand_Rifle_Hip.uasset" 732
"G:/Unreal Projects/LineGoer/Content/AnimStarterPack/Crouch_Idle_Rifle_Ironsights.uasset" 733
"G:/Unreal Projects/LineGoer/Content/AnimStarterPack/BS_Jog.uasset" 734
"G:/Unreal Projects/LineGoer/Content/AnimStarterPack/BS_CrouchWalk.uasset" 735
"G:/Unreal Projects/LineGoer/Content/AnimStarterPack/Aim_Space_Ironsights.uasset" 736
"G:/Unreal Projects/LineGoer/Content/AnimStarterPack/Aim_Space_Hip.uasset" 737
"G:/Unreal Projects/LineGoer/Content/AnimStarterPack/Showcase.umap" 738
"G:/Unreal Projects/LineGoer/Content/AnimStarterPack/Walk_Fwd_Rifle_Ironsights.uasset" 739
"../../../Engine/Content/EngineSky/BP_Sky_Sphere.uasset" 740
"../../../Engine/Content/EngineSky/C_Sky_Cloud_Color.uasset" 741
"../../../Engine/Content/EngineSky/C_Sky_Horizon_Color.uasset" 742
"../../../Engine/Content/EngineSky/C_Sky_Zenith_Color.uasset" 743
"../../../Engine/Content/EngineSky/M_Sky_Panning_Clouds2.uasset" 744
"../../../Engine/Content/EngineSky/T_Sky_Blue.uasset" 745
"../../../Engine/Content/EngineSky/T_Sky_Clouds_M.uasset" 746
"../../../Engine/Content/EngineSky/T_Sky_Stars.uasset" 747
"../../../Engine/Content/EngineSky/SM_SkySphere.uasset" 748
"../../../Engine/Content/TemplateResources/MI_Template_BaseGray_03_Metal.uasset" 749
"../../../Engine/Content/TemplateResources/M_Template_Master.uasset" 750
"../../../Engine/Content/EditorResources/EmptyActor.uasset" 751
"G:/Unreal Projects/LineGoer/Content/StarterContent/Props/Materials/M_StatueGlass.uasset" 752
"G:/Unreal Projects/LineGoer/Content/StarterContent/Textures/T_Statue_N.uasset" 753
"G:/Unreal Projects/LineGoer/Intermediate/Shaders/tmp/CD70EE624D71E48741DDF7891F733A0C/0/WorkerOutputOnly.out" 754
"G:/Unreal Projects/LineGoer/Intermediate/Shaders/tmp/CD70EE624D71E48741DDF7891F733A0C/1/WorkerOutputOnly.out" 755
"G:/Unreal Projects/LineGoer/Intermediate/Shaders/tmp/CD70EE624D71E48741DDF7891F733A0C/2/WorkerOutputOnly.out" 756
"../../../Engine/Content/MobileResources/HUD/MobileHUDButtonFire.uasset" 757
"../../../Engine/Content/MobileResources/T_MobileMenu2.uasset" 758
"C:/Users/Timi/AppData/Local/UnrealEngine/Common/DerivedDataCache/3/9/3/TEXTURE_814DCC3DC72143F49509781513CB9855_BC5_0DB1386840D52A45327D7FAEBB42E638___E37EDEC3EBB01791722A1AD911CA52C77630200D.udd" 759
"C:/Users/Timi/AppData/Local/UnrealEngine/Common/DerivedDataCache/7/6/1/TEXTURE_814DCC3DC72143F49509781513CB9855_BC5_0DB1386840D52A45327D7FAEBB42E638___E17C23DC5322473FD3E3848854DD456303CC05E6.udd" 760
"C:/Users/Timi/AppData/Local/UnrealEngine/Common/DerivedDataCache/3/5/6/TEXTURE_814DCC3DC72143F49509781513CB9855_BC5_0DB1386840D52A45327D7FAEBB42E638___77075439E7B32DD80E54FFE1ECE2408B17104FCA.udd" 761
"C:/Users/Timi/AppData/Local/UnrealEngine/Common/DerivedDataCache/2/0/4/TEXTURE_814DCC3DC72143F49509781513CB9855_BC5_0DB1386840D52A45327D7FAEBB42E638___C281E3488D4B3B41B4B0517185185E1AB64B459E.udd" 762
"G:/Unreal Projects/LineGoer/Content/StarterContent/Materials/M_Metal_Brushed_Nickel.uasset" 763
"G:/Unreal Projects/LineGoer/Content/StarterContent/Textures/T_MacroVariation.uasset" 764
"G:/Unreal Projects/LineGoer/Content/StarterContent/Materials/M_Glass.uasset" 765
"C:/Users/Timi/AppData/Local/UnrealEngine/Common/DerivedDataCache/3/7/2/TEXTURE_814DCC3DC72143F49509781513CB9855_DXT1_54BDB068447E7417A33810BFF365F509__93845248A2460ABD9CDA725D208F9D2A999EFE3B.udd" 766
"C:/Users/Timi/AppData/Local/UnrealEngine/Common/DerivedDataCache/2/4/8/TEXTURE_814DCC3DC72143F49509781513CB9855_DXT1_54BDB068447E7417A33810BFF365F509__5E4E6EC09C4BDE5D54B3885E4971DCDD559F9B25.udd" 767
"C:/Users/Timi/AppData/Local/UnrealEngine/Common/DerivedDataCache/7/3/5/TEXTURE_814DCC3DC72143F49509781513CB9855_DXT1_54BDB068447E7417A33810BFF365F509__0B19BA814C3FBBCF63A76E96DFCA9C959169DFE2.udd" 768
"C:/Users/Timi/AppData/Local/UnrealEngine/Common/DerivedDataCache/1/6/6/TEXTURE_814DCC3DC72143F49509781513CB9855_DXT1_54BDB068447E7417A33810BFF365F509__578A3FD72584C4806261DC17F1DF5E7FC4C10C5C.udd" 769
"G:/Unreal Projects/LineGoer/Content/AnimStarterPack/Walk_Rt_Rifle_Ironsights.uasset" 770
"G:/Unreal Projects/LineGoer/Content/AnimStarterPack/Walk_Lt_Rifle_Ironsights.uasset" 771
"G:/Unreal Projects/LineGoer/Content/AnimStarterPack/Walk_Bwd_Rifle_Ironsights.uasset" 772
"G:/Unreal Projects/LineGoer/Content/AnimStarterPack/UE4ASP_HeroTPP_AnimBlueprint.uasset" 773
"G:/Unreal Projects/LineGoer/Content/AnimStarterPack/Ue4ASP_Character.uasset" 774
"G:/Unreal Projects/LineGoer/Content/AnimStarterPack/Stand_to_Crouch_Rifle_Ironsights.uasset" 775
"G:/Unreal Projects/LineGoer/Content/AnimStarterPack/Stand_to_Crouch_Rifle_Hip.uasset" 776
"../../../Engine/Content/MobileResources/HUD/T_Castle_ThumbstickOutter.uasset" 777
"../../../Engine/Content/MobileResources/HUD/MobileHUDButton2_on.uasset" 778
"C:/Users/Timi/AppData/Local/UnrealEngine/Common/DerivedDataCache/6/0/9/TEXTURE_814DCC3DC72143F49509781513CB9855_BC5_429594DB4BD9D6ABE8AB63B20DEF7756___19CCE0FD4B2FDF5E2EA4F6EAA40792C358182154.udd" 779
"C:/Users/Timi/AppData/Local/UnrealEngine/Common/DerivedDataCache/6/8/1/TEXTURE_814DCC3DC72143F49509781513CB9855_BC5_429594DB4BD9D6ABE8AB63B20DEF7756___8CBE039F0D5D1A9A977134DBD727C12AD491F186.udd" 780
"C:/Users/Timi/AppData/Local/UnrealEngine/Common/DerivedDataCache/4/7/2/TEXTURE_814DCC3DC72143F49509781513CB9855_BC5_429594DB4BD9D6ABE8AB63B20DEF7756___EDCC82382D15B78A237375D9D5431220FB8FF3C9.udd" 781
"C:/Users/Timi/AppData/Local/UnrealEngine/Common/DerivedDataCache/9/3/2/TEXTURE_814DCC3DC72143F49509781513CB9855_BC5_429594DB4BD9D6ABE8AB63B20DEF7756___3896EE339C18D40C476DA5975F1B5536A301BCFC.udd" 782
"../../../Engine/Content/MobileResources/HUD/MobileHUDDirectionStick.uasset" 783
"../../../Engine/Content/MobileResources/HUD/MobileHUDDirectionPad2.uasset" 784
"G:/Unreal Projects/LineGoer/Content/StarterContent/Textures/T_Metal_Gold_N.uasset" 785
"G:/Unreal Projects/LineGoer/Content/StarterContent/Textures/T_Metal_Copper_D.uasset" 786
"../../../Engine/Content/Maps/Entry.umap" 787
"../../../Engine/Content/EngineMaterials/DefaultNormal.uasset" 788
"G:/Unreal Projects/LineGoer/Content/StarterContent/Materials/M_Metal_Copper.uasset" 789
"C:/Users/Timi/AppData/Local/UnrealEngine/Common/DerivedDataCache/1/3/8/PHYSX_1D9C17C451EA4FB88CB7A27536A65DB0_PHYSXPC_BB7B53FF4996D5DA32B5B88614D22810__1_0_13123_0.udd" 790
"C:/Users/Timi/AppData/Local/UnrealEngine/Common/DerivedDataCache/7/5/2/REFL_ENC_96DFC022836B48889143E9DF484C3296_0DB373C64097B5EC4A56F2BF7F5EE88D.udd" 791
"C:/Users/Timi/AppData/Local/UnrealEngine/Common/DerivedDataCache/5/0/9/REFL_ENC_96DFC022836B48889143E9DF484C3296_9233626D43B92485D9C4C1A7C8B50C01.udd" 792
"C:/Users/Timi/AppData/Local/UnrealEngine/Common/DerivedDataCache/6/3/6/TEXTURE_814DCC3DC72143F49509781513CB9855_AUTODXT_C1CA9FB8447AEC6FE1AF6A8300747__4B9FB42001D86CBD1EC8B4BABD7C18A1523295B3.udd" 793
"C:/Users/Timi/AppData/Local/UnrealEngine/Common/DerivedDataCache/7/8/0/TEXTURE_814DCC3DC72143F49509781513CB9855_AUTODXT_C1CA9FB8447AEC6FE1AF6A8300747__922BF28069F0DDA6A25D30D692D918FEBDE955FF.udd" 794
"C:/Users/Timi/AppData/Local/UnrealEngine/Common/DerivedDataCache/8/9/0/TEXTURE_814DCC3DC72143F49509781513CB9855_AUTODXT_C1CA9FB8447AEC6FE1AF6A8300747__6FA953830FE704126B2C57E2C97CEEEE466ADC9C.udd" 795
"C:/Users/Timi/AppData/Local/UnrealEngine/Common/DerivedDataCache/1/5/0/TEXTURE_814DCC3DC72143F49509781513CB9855_AUTODXT_C1CA9FB8447AEC6FE1AF6A8300747__7BD3678DC0A367C31077E937FDD3E411C2CD3209.udd" 796
"C:/Users/Timi/AppData/Local/UnrealEngine/Common/DerivedDataCache/5/3/7/TEXTURE_814DCC3DC72143F49509781513CB9855_AUTODXT_521B3AE840787E1346FBE3B0AC164__9E908F19F2ACF98804E58594A01D4DEE0FCBDE22.udd" 797
"C:/Users/Timi/AppData/Local/UnrealEngine/Common/DerivedDataCache/6/7/5/TEXTURE_814DCC3DC72143F49509781513CB9855_DXT1_B5F4175D4E96CF156F7CCA81413805AC__5D8335CA2128799E28A1C37E5A6BE949042214E4.udd" 798
"C:/Users/Timi/AppData/Local/UnrealEngine/Common/DerivedDataCache/0/9/1/TEXTURE_814DCC3DC72143F49509781513CB9855_G8_F915723448D8ED75050C3FA0862F42F4_0__183E1E1811CD9019D35A2BB6640659F7ADE65381.udd" 799
"C:/Users/Timi/AppData/Local/UnrealEngine/Common/DerivedDataCache/3/9/2/TEXTURE_814DCC3DC72143F49509781513CB9855_DXT1_7E456DBD43E18FA8F29A9585F32A6F97__2A1CBC9FF0B7742ACED9E440628E2A2667B5A34F.udd" 800
"C:/Users/Timi/AppData/Local/UnrealEngine/Common/DerivedDataCache/9/3/9/TEXTURE_814DCC3DC72143F49509781513CB9855_G8_331355654D6F6DBFFBE73B9F3A02FB5B_0__6EDB0AD08B193067C9D814097DD82F1D4BD25D1F.udd" 801
"C:/Users/Timi/AppData/Local/UnrealEngine/Common/DerivedDataCache/5/8/3/TEXTURE_814DCC3DC72143F49509781513CB9855_DXT1_B5F4175D4E96CF156F7CCA81413805AC__09E33B664097983C5FB0F7147C898504757FE969.udd" 802
"C:/Users/Timi/AppData/Local/UnrealEngine/Common/DerivedDataCache/3/8/0/TEXTURE_814DCC3DC72143F49509781513CB9855_DXT1_B5F4175D4E96CF156F7CCA81413805AC__AE390260054F83564AB349613F89D55A946E70DE.udd" 803
"C:/Users/Timi/AppData/Local/UnrealEngine/Common/DerivedDataCache/1/7/3/TEXTURE_814DCC3DC72143F49509781513CB9855_DXT1_B5F4175D4E96CF156F7CCA81413805AC__3A82F4F261993713BEFB6620D31EB3EBBABD7C92.udd" 804
"C:/Users/Timi/AppData/Local/UnrealEngine/Common/DerivedDataCache/5/2/1/TEXTURE_814DCC3DC72143F49509781513CB9855_G8_61476B1240E4D4E69B56B29B0BE3D0F8_0__B239686730C96355ED4886AC68A1125B50A0A4B3.udd" 805
"C:/Users/Timi/AppData/Local/UnrealEngine/Common/DerivedDataCache/8/3/7/TEXTURE_814DCC3DC72143F49509781513CB9855_G8_61476B1240E4D4E69B56B29B0BE3D0F8_0__B4E2C2A4EFD7B999524E62BAB34FF43EFCA9696C.udd" 806
"C:/Users/Timi/AppData/Local/UnrealEngine/Common/DerivedDataCache/7/6/3/TEXTURE_814DCC3DC72143F49509781513CB9855_G8_F915723448D8ED75050C3FA0862F42F4_0__916408B50FED08821953A677AD9E13B28E4884AC.udd" 807
"C:/Users/Timi/AppData/Local/UnrealEngine/Common/DerivedDataCache/0/3/4/TEXTURE_814DCC3DC72143F49509781513CB9855_G8_E0DFE224467F33C7086820AA89148BCB_0__952CE2D9248177AD1397521313174111CACC9D68.udd" 808
"C:/Users/Timi/AppData/Local/UnrealEngine/Common/DerivedDataCache/8/7/4/TEXTURE_814DCC3DC72143F49509781513CB9855_AUTODXT_7823DA1643F04938FEA7028BAB3BE__E1EACD632417A709DA6242683D8CAA4C7C576D79.udd" 809
"C:/Users/Timi/AppData/Local/UnrealEngine/Common/DerivedDataCache/3/4/3/TEXTURE_814DCC3DC72143F49509781513CB9855_AUTODXT_7823DA1643F04938FEA7028BAB3BE__60CA56B956167F8B2878D24D868D88608ADD66B0.udd" 810
"C:/Users/Timi/AppData/Local/UnrealEngine/Common/DerivedDataCache/8/9/8/TEXTURE_814DCC3DC72143F49509781513CB9855_AUTODXT_7823DA1643F04938FEA7028BAB3BE__9B121ED444C40A205721AA4EA5DCB9F95A5E9ABD.udd" 811
"C:/Users/Timi/AppData/Local/UnrealEngine/Common/DerivedDataCache/3/8/1/TEXTURE_814DCC3DC72143F49509781513CB9855_AUTODXT_7823DA1643F04938FEA7028BAB3BE__FA1C634A4BD6B5DD0BF02C4143D1FA463C108324.udd" 812
"C:/Users/Timi/AppData/Local/UnrealEngine/Common/DerivedDataCache/8/1/9/TEXTURE_814DCC3DC72143F49509781513CB9855_AUTODXT_6D153A874159F5BA11C557B935B71__7276184D3D57304508D4577464179383A61AF5C0.udd" 813
"C:/Users/Timi/AppData/Local/UnrealEngine/Common/DerivedDataCache/6/6/3/TEXTURE_814DCC3DC72143F49509781513CB9855_G8_61476B1240E4D4E69B56B29B0BE3D0F8_0__3000B86B8CAE374D89DDAAA7BBFCB69225E05773.udd" 814
"C:/Users/Timi/AppData/Local/UnrealEngine/Common/DerivedDataCache/5/6/5/TEXTURE_814DCC3DC72143F49509781513CB9855_G8_61476B1240E4D4E69B56B29B0BE3D0F8_0__0C504CA2CF1198BB2988E4B264DCE6E1D64D3508.udd" 815
"C:/Users/Timi/AppData/Local/UnrealEngine/Common/DerivedDataCache/8/1/9/TEXTURE_814DCC3DC72143F49509781513CB9855_G8_F915723448D8ED75050C3FA0862F42F4_0__CC0AB70A349998C4236E0D1C70B3F9EAE0B3BDA9.udd" 816
"C:/Users/Timi/AppData/Local/UnrealEngine/Common/DerivedDataCache/5/5/1/TEXTURE_814DCC3DC72143F49509781513CB9855_G8_F915723448D8ED75050C3FA0862F42F4_0__FC0C53B8A89D93C8FFE70878B038A8E0B77439CC.udd" 817
"../../../Engine/Content/EditorResources/AudioIcons/S_AudioComponent_AutoActivate.uasset" 818
"G:/Unreal Projects/LineGoer/Content/StarterContent/Props/SM_Statue.uasset" 819
"G:/Unreal Projects/LineGoer/Content/StarterContent/Props/Materials/M_Statue.uasset" 820
"C:/Users/Timi/AppData/Local/UnrealEngine/Common/DerivedDataCache/8/8/5/TEXTURE_814DCC3DC72143F49509781513CB9855_DXT1_655D545E4F2053C8BF8B5CB32D38AED3__096A4BE7EEC910DD9C612B787D256747031860AD.udd" 821
"C:/Users/Timi/AppData/Local/UnrealEngine/Common/DerivedDataCache/0/7/7/TEXTURE_814DCC3DC72143F49509781513CB9855_DXT1_655D545E4F2053C8BF8B5CB32D38AED3__55176F1C899CA372E319381F3531F7EB1D7882E1.udd" 822
"C:/Users/Timi/AppData/Local/UnrealEngine/Common/DerivedDataCache/2/1/1/TEXTURE_814DCC3DC72143F49509781513CB9855_DXT1_655D545E4F2053C8BF8B5CB32D38AED3__B89A801292B57490895F3D0BFB0C125CC88270F1.udd" 823
"C:/Users/Timi/AppData/Local/UnrealEngine/Common/DerivedDataCache/8/0/1/TEXTURE_814DCC3DC72143F49509781513CB9855_DXT1_655D545E4F2053C8BF8B5CB32D38AED3__C8D96FC94617D09B466089B8CCF1C5667A73B1E9.udd" 824
"C:/Users/Timi/AppData/Local/UnrealEngine/Common/DerivedDataCache/1/9/9/TEXTURE_814DCC3DC72143F49509781513CB9855_BC5_79768323498DD9B801C451B7A1CFBF00___CCD6E05ECAD5F0235F32C56F59ADDD9EF20BD78C.udd" 825
"C:/Users/Timi/AppData/Local/UnrealEngine/Common/DerivedDataCache/5/7/5/TEXTURE_814DCC3DC72143F49509781513CB9855_BC5_79768323498DD9B801C451B7A1CFBF00___579435DEF93BD27FB9394C680E47585BD2604483.udd" 826
"C:/Users/Timi/AppData/Local/UnrealEngine/Common/DerivedDataCache/8/1/0/TEXTURE_814DCC3DC72143F49509781513CB9855_BC5_79768323498DD9B801C451B7A1CFBF00___FD1CB17123F06E371A94FB38BF9F273F17629837.udd" 827
"C:/Users/Timi/AppData/Local/UnrealEngine/Common/DerivedDataCache/4/8/3/TEXTURE_814DCC3DC72143F49509781513CB9855_BC5_79768323498DD9B801C451B7A1CFBF00___047ECB8D6558C12BDE51E64E0A764E54A888C6A1.udd" 828
"C:/Users/Timi/AppData/Local/UnrealEngine/Common/DerivedDataCache/3/3/2/TEXTURE_814DCC3DC72143F49509781513CB9855_AUTODXT_1ED776AD433B0CF640901994F35C6__8E2FC270A83530AAE29D3C869E69B22AFF7C1673.udd" 829
"C:/Users/Timi/AppData/Local/UnrealEngine/Common/DerivedDataCache/0/7/7/TEXTURE_814DCC3DC72143F49509781513CB9855_AUTODXT_1ED776AD433B0CF640901994F35C6__F10C01D46FDBAD3F916A3BC64FEFCCF05A2111EE.udd" 830
"C:/Users/Timi/AppData/Local/UnrealEngine/Common/DerivedDataCache/5/8/2/TEXTURE_814DCC3DC72143F49509781513CB9855_AUTODXT_1ED776AD433B0CF640901994F35C6__13E1F6957CCC93B6D7BABEAD1BDAA633CD58523C.udd" 831
"C:/Users/Timi/AppData/Local/UnrealEngine/Common/DerivedDataCache/8/4/1/TEXTURE_814DCC3DC72143F49509781513CB9855_AUTODXT_1ED776AD433B0CF640901994F35C6__85B325AB2B0DC5F75C486658B166458BFC76B590.udd" 832
"C:/Users/Timi/AppData/Local/UnrealEngine/Common/DerivedDataCache/5/9/1/TEXTURE_814DCC3DC72143F49509781513CB9855_AUTODXT_1ED776AD433B0CF640901994F35C6__B20642CDEA7F1FE87AC28BE218CE08CCB8FDF9B4.udd" 833
"C:/Users/Timi/AppData/Local/UnrealEngine/Common/DerivedDataCache/4/9/6/TEXTURE_814DCC3DC72143F49509781513CB9855_DXT1_833117354EAEAA713F0946BF0BC48B17__EB3A440F78D412A264F8CF802C15A9C6B5EA5F72.udd" 834
"C:/Users/Timi/AppData/Local/UnrealEngine/Common/DerivedDataCache/5/1/1/TEXTURE_814DCC3DC72143F49509781513CB9855_DXT1_833117354EAEAA713F0946BF0BC48B17__8449C2743D430F2B71A10E0A68D850546705E32E.udd" 835
"C:/Users/Timi/AppData/Local/UnrealEngine/Common/DerivedDataCache/7/3/5/TEXTURE_814DCC3DC72143F49509781513CB9855_DXT1_833117354EAEAA713F0946BF0BC48B17__B78AE1ABC144311977866FC4B3D1C140C72B1A8A.udd" 836
"C:/Users/Timi/AppData/Local/UnrealEngine/Common/DerivedDataCache/0/9/1/TEXTURE_814DCC3DC72143F49509781513CB9855_DXT1_833117354EAEAA713F0946BF0BC48B17__42607D1F828CA9F5CE3A42417E3FA3FD8EF954C3.udd" 837
"G:/Unreal Projects/LineGoer/Saved/Stats/2015.10.23-23.21.00Stats.csv" 838
"..\..\..\Engine\Content\Internationalization\icudt53l\windowsZones.res" 839
"..\..\..\Engine\Content\Internationalization\icudt53l\zoneinfo64.res" 840
"..\..\..\Engine\Content\Internationalization\icudt53l\keyTypeData.res" 841
"..\..\..\Engine\Content\Internationalization\icudt53l\timezoneTypes.res" 842
"..\..\..\Engine\Content\Internationalization\icudt53l\supplementalData.res" 843
"..\..\..\Engine\Content\Internationalization\icudt53l\likelySubtags.res" 844
